TN:
SF:src/config.ts
FN:1,(empty-report)
FNF:1
FNH:1
FNDA:1,(empty-report)
DA:6,0
DA:7,0
DA:8,0
DA:9,0
DA:10,0
DA:11,0
DA:12,0
DA:13,0
DA:15,0
DA:16,0
DA:18,0
DA:19,0
DA:20,0
DA:21,0
DA:22,0
DA:23,0
DA:24,0
DA:25,0
DA:26,0
DA:27,0
DA:28,0
DA:29,0
DA:31,0
DA:32,0
DA:33,0
DA:34,0
DA:35,0
LF:27
LH:0
BRDA:1,0,0,1
BRF:1
BRH:1
end_of_record
TN:
SF:src/error-handler.ts
FN:1,(empty-report)
FNF:1
FNH:1
FNDA:1,(empty-report)
DA:5,0
DA:6,0
DA:7,0
DA:8,0
DA:9,0
DA:10,0
DA:11,0
DA:12,0
DA:13,0
DA:14,0
DA:15,0
DA:17,0
DA:18,0
DA:19,0
DA:20,0
DA:21,0
DA:23,0
DA:24,0
DA:25,0
DA:26,0
DA:27,0
DA:29,0
DA:30,0
DA:31,0
DA:32,0
DA:33,0
DA:35,0
DA:36,0
DA:37,0
DA:38,0
DA:39,0
DA:41,0
DA:42,0
DA:43,0
DA:44,0
DA:45,0
DA:47,0
DA:48,0
DA:49,0
DA:50,0
DA:51,0
DA:53,0
DA:54,0
DA:55,0
DA:56,0
DA:57,0
DA:59,0
DA:60,0
DA:61,0
DA:62,0
DA:64,0
DA:65,0
DA:66,0
DA:68,0
DA:69,0
DA:71,0
DA:72,0
DA:73,0
DA:74,0
DA:75,0
DA:76,0
DA:77,0
DA:78,0
DA:79,0
DA:80,0
DA:81,0
DA:82,0
DA:83,0
DA:84,0
DA:85,0
LF:70
LH:0
BRDA:1,0,0,1
BRF:1
BRH:1
end_of_record
TN:
SF:src/extended-patterns.ts
FN:495,getAllPatterns
FNF:1
FNH:1
FNDA:1,getAllPatterns
DA:1,1
DA:8,1
DA:10,1
DA:11,1
DA:12,1
DA:13,1
DA:14,1
DA:15,1
DA:16,1
DA:17,1
DA:18,1
DA:19,1
DA:20,1
DA:21,1
DA:22,1
DA:23,1
DA:24,1
DA:25,1
DA:26,1
DA:27,1
DA:28,1
DA:29,1
DA:30,1
DA:31,1
DA:32,1
DA:33,1
DA:34,1
DA:35,1
DA:36,1
DA:37,1
DA:38,1
DA:39,1
DA:40,1
DA:41,1
DA:42,1
DA:43,1
DA:44,1
DA:45,1
DA:46,1
DA:47,1
DA:48,1
DA:49,1
DA:50,1
DA:51,1
DA:52,1
DA:53,1
DA:54,1
DA:55,1
DA:56,1
DA:57,1
DA:58,1
DA:59,1
DA:60,1
DA:61,1
DA:62,1
DA:63,1
DA:64,1
DA:67,1
DA:68,1
DA:69,1
DA:70,1
DA:71,1
DA:72,1
DA:73,1
DA:74,1
DA:75,1
DA:76,1
DA:77,1
DA:78,1
DA:79,1
DA:80,1
DA:81,1
DA:82,1
DA:83,1
DA:84,1
DA:85,1
DA:86,1
DA:87,1
DA:88,1
DA:89,1
DA:90,1
DA:91,1
DA:92,1
DA:93,1
DA:94,1
DA:95,1
DA:96,1
DA:97,1
DA:98,1
DA:99,1
DA:100,1
DA:101,1
DA:102,1
DA:109,1
DA:110,1
DA:111,1
DA:112,1
DA:113,1
DA:114,1
DA:115,1
DA:116,1
DA:117,1
DA:118,1
DA:119,1
DA:120,1
DA:121,1
DA:122,1
DA:123,1
DA:124,1
DA:125,1
DA:126,1
DA:127,1
DA:128,1
DA:131,1
DA:132,1
DA:133,1
DA:134,1
DA:135,1
DA:136,1
DA:137,1
DA:138,1
DA:139,1
DA:140,1
DA:141,1
DA:142,1
DA:143,1
DA:144,1
DA:145,1
DA:146,1
DA:147,1
DA:148,1
DA:149,1
DA:150,1
DA:151,1
DA:152,1
DA:153,1
DA:154,1
DA:155,1
DA:156,1
DA:157,1
DA:158,1
DA:159,1
DA:160,1
DA:161,1
DA:162,1
DA:163,1
DA:164,1
DA:165,1
DA:166,1
DA:167,1
DA:168,1
DA:169,1
DA:170,1
DA:171,1
DA:172,1
DA:173,1
DA:174,1
DA:175,1
DA:176,1
DA:177,1
DA:178,1
DA:179,1
DA:180,1
DA:181,1
DA:182,1
DA:183,1
DA:184,1
DA:185,1
DA:186,1
DA:187,1
DA:188,1
DA:189,1
DA:190,1
DA:191,1
DA:192,1
DA:193,1
DA:194,1
DA:195,1
DA:196,1
DA:197,1
DA:200,1
DA:201,1
DA:202,1
DA:203,1
DA:204,1
DA:205,1
DA:206,1
DA:207,1
DA:208,1
DA:209,1
DA:210,1
DA:211,1
DA:212,1
DA:213,1
DA:214,1
DA:215,1
DA:216,1
DA:217,1
DA:218,1
DA:219,1
DA:220,1
DA:221,1
DA:222,1
DA:223,1
DA:224,1
DA:225,1
DA:226,1
DA:227,1
DA:228,1
DA:229,1
DA:230,1
DA:231,1
DA:232,1
DA:233,1
DA:234,1
DA:235,1
DA:236,1
DA:237,1
DA:238,1
DA:239,1
DA:240,1
DA:241,1
DA:242,1
DA:243,1
DA:256,1
DA:257,1
DA:258,1
DA:259,1
DA:260,1
DA:261,1
DA:262,1
DA:263,1
DA:264,1
DA:265,1
DA:266,1
DA:267,1
DA:268,1
DA:269,1
DA:270,1
DA:271,1
DA:272,1
DA:273,1
DA:274,1
DA:275,1
DA:276,1
DA:277,1
DA:278,1
DA:279,1
DA:280,1
DA:281,1
DA:282,1
DA:283,1
DA:284,1
DA:285,1
DA:286,1
DA:289,1
DA:290,1
DA:291,1
DA:292,1
DA:293,1
DA:294,1
DA:295,1
DA:296,1
DA:297,1
DA:298,1
DA:299,1
DA:300,1
DA:301,1
DA:302,1
DA:303,1
DA:304,1
DA:305,1
DA:306,1
DA:307,1
DA:308,1
DA:309,1
DA:310,1
DA:311,1
DA:312,1
DA:313,1
DA:314,1
DA:315,1
DA:316,1
DA:317,1
DA:318,1
DA:319,1
DA:320,1
DA:321,1
DA:322,1
DA:323,1
DA:324,1
DA:325,1
DA:326,1
DA:327,1
DA:328,1
DA:329,1
DA:330,1
DA:331,1
DA:332,1
DA:348,1
DA:349,1
DA:350,1
DA:351,1
DA:352,1
DA:353,1
DA:354,1
DA:355,1
DA:356,1
DA:357,1
DA:358,1
DA:359,1
DA:360,1
DA:361,1
DA:362,1
DA:363,1
DA:364,1
DA:365,1
DA:366,1
DA:367,1
DA:368,1
DA:371,1
DA:372,1
DA:373,1
DA:374,1
DA:375,1
DA:376,1
DA:377,1
DA:378,1
DA:379,1
DA:380,1
DA:381,1
DA:382,1
DA:383,1
DA:384,1
DA:385,1
DA:386,1
DA:387,1
DA:388,1
DA:389,1
DA:390,1
DA:391,1
DA:392,1
DA:393,1
DA:394,1
DA:395,1
DA:396,1
DA:397,1
DA:398,1
DA:399,1
DA:400,1
DA:401,1
DA:402,1
DA:403,1
DA:404,1
DA:405,1
DA:406,1
DA:407,1
DA:408,1
DA:409,1
DA:410,1
DA:411,1
DA:412,1
DA:413,1
DA:414,1
DA:415,1
DA:416,1
DA:417,1
DA:418,1
DA:419,1
DA:420,1
DA:421,1
DA:422,1
DA:423,1
DA:426,1
DA:427,1
DA:428,1
DA:429,1
DA:430,1
DA:431,1
DA:432,1
DA:433,1
DA:434,1
DA:435,1
DA:436,1
DA:437,1
DA:438,1
DA:439,1
DA:440,1
DA:441,1
DA:442,1
DA:443,1
DA:444,1
DA:445,1
DA:446,1
DA:447,1
DA:448,1
DA:449,1
DA:450,1
DA:451,1
DA:452,1
DA:453,1
DA:454,1
DA:455,1
DA:456,1
DA:457,1
DA:458,1
DA:459,1
DA:460,1
DA:461,1
DA:462,1
DA:463,1
DA:464,1
DA:465,1
DA:466,1
DA:467,1
DA:468,1
DA:469,1
DA:470,1
DA:471,1
DA:472,1
DA:473,1
DA:474,1
DA:475,1
DA:476,1
DA:477,1
DA:478,1
DA:479,1
DA:480,1
DA:481,1
DA:482,1
DA:483,1
DA:484,1
DA:485,1
DA:486,1
DA:487,1
DA:488,1
DA:489,1
DA:490,1
DA:495,1
DA:497,1
DA:498,1
DA:500,1
DA:501,15
DA:502,1
DA:504,1
DA:505,1
LF:446
LH:446
BRDA:495,0,0,1
BRDA:500,1,0,15
BRF:2
BRH:2
end_of_record
TN:
SF:src/graph-manager.ts
FN:43,<instance_members_initializer>
FN:48,GraphManager
FN:56,listWorkflows
FN:63,resetAll
FN:73,createWorkflow
FN:102,getWorkflow
FN:109,applyBatch
FN:256,undo
FN:303,redo
FN:329,computeLints
FN:386,applyAutoFixes
FN:408,validate
FN:425,hasCycles
FN:471,simulate
FNF:14
FNH:5
FNDA:1,<instance_members_initializer>
FNDA:1,GraphManager
FNDA:0,listWorkflows
FNDA:0,resetAll
FNDA:2,createWorkflow
FNDA:1,getWorkflow
FNDA:5,applyBatch
FNDA:0,undo
FNDA:0,redo
FNDA:0,computeLints
FNDA:0,applyAutoFixes
FNDA:0,validate
FNDA:0,hasCycles
FNDA:0,simulate
DA:1,1
DA:43,1
DA:44,1
DA:45,1
DA:46,1
DA:48,1
DA:50,1
DA:51,1
DA:56,1
DA:57,0
DA:58,0
DA:63,1
DA:64,0
DA:65,0
DA:66,0
DA:67,0
DA:68,0
DA:73,1
DA:74,2
DA:75,2
DA:76,2
DA:77,2
DA:78,2
DA:79,2
DA:80,2
DA:81,2
DA:82,2
DA:83,2
DA:84,2
DA:85,2
DA:86,2
DA:87,2
DA:88,2
DA:89,2
DA:90,2
DA:92,2
DA:93,2
DA:94,2
DA:96,2
DA:97,2
DA:102,1
DA:103,1
DA:104,1
DA:109,1
DA:110,5
DA:111,5
DA:112,0
DA:113,0
DA:116,5
DA:117,5
DA:118,0
DA:119,0
DA:120,0
DA:121,0
DA:122,0
DA:125,5
DA:127,5
DA:129,5
DA:130,5
DA:131,5
DA:132,5
DA:134,1
DA:135,0
DA:136,0
DA:139,1
DA:140,1
DA:141,0
DA:142,0
DA:144,1
DA:145,1
DA:146,1
DA:147,1
DA:149,5
DA:151,1
DA:152,1
DA:154,1
DA:155,0
DA:156,0
DA:157,1
DA:158,0
DA:159,0
DA:162,1
DA:163,1
DA:164,1
DA:166,1
DA:167,1
DA:168,1
DA:169,1
DA:170,1
DA:171,1
DA:172,1
DA:173,1
DA:174,1
DA:175,1
DA:177,5
DA:178,1
DA:179,1
DA:180,0
DA:181,0
DA:184,1
DA:185,1
DA:186,1
DA:187,1
DA:188,1
DA:189,1
DA:190,1
DA:192,5
DA:193,1
DA:194,1
DA:195,0
DA:196,0
DA:198,1
DA:199,1
DA:202,1
DA:205,1
DA:206,1
DA:207,1
DA:208,1
DA:210,1
DA:211,1
DA:212,1
DA:214,5
DA:216,1
DA:217,1
DA:218,1
DA:219,1
DA:220,5
DA:221,5
DA:224,5
DA:225,5
DA:228,5
DA:229,5
DA:230,5
DA:231,5
DA:234,5
DA:236,5
DA:237,5
DA:238,5
DA:239,5
DA:240,5
DA:241,5
DA:243,5
DA:245,0
DA:246,0
DA:247,0
DA:248,0
DA:249,0
DA:250,0
DA:251,5
DA:256,1
DA:257,0
DA:258,0
DA:259,0
DA:260,0
DA:262,0
DA:263,0
DA:265,0
DA:266,0
DA:267,0
DA:268,0
DA:269,0
DA:270,0
DA:272,0
DA:273,0
DA:275,0
DA:276,0
DA:277,0
DA:278,0
DA:281,0
DA:282,0
DA:283,0
DA:284,0
DA:285,0
DA:286,0
DA:287,0
DA:290,0
DA:292,0
DA:293,0
DA:294,0
DA:295,0
DA:296,0
DA:297,0
DA:298,0
DA:303,1
DA:304,0
DA:305,0
DA:306,0
DA:307,0
DA:309,0
DA:312,0
DA:315,0
DA:316,0
DA:317,0
DA:318,0
DA:319,0
DA:320,0
DA:321,0
DA:323,0
DA:324,0
DA:329,1
DA:330,0
DA:333,0
DA:334,0
DA:335,0
DA:336,0
DA:339,0
DA:340,0
DA:341,0
DA:342,0
DA:343,0
DA:344,0
DA:345,0
DA:346,0
DA:347,0
DA:348,0
DA:349,0
DA:352,0
DA:353,0
DA:354,0
DA:355,0
DA:356,0
DA:357,0
DA:358,0
DA:359,0
DA:360,0
DA:361,0
DA:362,0
DA:363,0
DA:364,0
DA:365,0
DA:366,0
DA:367,0
DA:368,0
DA:369,0
DA:370,0
DA:371,0
DA:372,0
DA:373,0
DA:376,0
DA:377,0
DA:378,0
DA:380,0
DA:381,0
DA:386,1
DA:387,0
DA:388,0
DA:389,0
DA:390,0
DA:391,0
DA:392,0
DA:393,0
DA:394,0
DA:395,0
DA:396,0
DA:397,0
DA:398,0
DA:399,0
DA:400,0
DA:401,0
DA:402,0
DA:403,0
DA:408,1
DA:409,0
DA:410,0
DA:411,0
DA:412,0
DA:414,0
DA:415,0
DA:416,0
DA:418,0
DA:419,0
DA:420,0
DA:425,1
DA:426,0
DA:427,0
DA:429,0
DA:430,0
DA:431,0
DA:434,0
DA:435,0
DA:436,0
DA:437,0
DA:439,0
DA:440,0
DA:441,0
DA:442,0
DA:444,0
DA:446,0
DA:448,0
DA:449,0
DA:450,0
DA:451,0
DA:452,0
DA:453,0
DA:455,0
DA:456,0
DA:457,0
DA:459,0
DA:460,0
DA:461,0
DA:462,0
DA:463,0
DA:465,0
DA:466,0
DA:471,1
DA:482,0
DA:483,0
DA:484,0
DA:485,0
DA:486,0
DA:488,0
DA:489,0
DA:490,0
DA:491,0
DA:494,0
DA:495,0
DA:496,0
DA:498,0
DA:499,0
DA:500,0
DA:501,0
DA:504,0
DA:505,0
DA:506,0
DA:507,0
DA:508,0
DA:509,0
DA:510,0
DA:511,0
DA:512,0
DA:513,0
DA:514,0
DA:515,0
DA:516,0
DA:517,0
DA:518,0
DA:519,0
DA:521,0
DA:522,0
DA:523,0
DA:524,0
DA:525,0
DA:526,0
DA:527,0
DA:528,0
DA:529,0
DA:530,0
DA:531,0
DA:532,0
DA:533,1
DA:536,1
LF:351
LH:126
BRDA:43,0,0,1
BRDA:48,1,0,1
BRDA:73,2,0,2
BRDA:102,3,0,1
BRDA:103,4,0,0
BRDA:109,5,0,5
BRDA:111,6,0,0
BRDA:117,7,0,0
BRDA:132,8,0,1
BRDA:134,9,0,0
BRDA:140,10,0,0
BRDA:149,11,0,1
BRDA:154,12,0,0
BRDA:157,13,0,0
BRDA:177,14,0,1
BRDA:179,15,0,0
BRDA:192,16,0,1
BRDA:194,17,0,0
BRDA:214,18,0,1
BRDA:229,19,0,0
BRDA:243,20,0,0
BRDA:134,21,0,1
BRDA:151,22,0,1
BRDA:151,23,0,0
BRDA:152,24,0,2
BRDA:152,25,0,1
BRDA:178,26,0,2
BRDA:178,27,0,1
BRDA:193,28,0,2
BRDA:193,29,0,1
BRDA:206,30,0,1
BRDA:206,31,0,0
BRDA:207,32,0,0
BRF:33
BRH:19
end_of_record
TN:
SF:src/metrics.ts
FN:12,<instance_members_initializer>
FN:17,increment
FN:22,recordDuration
FN:30,measureAsync
FN:46,getMetrics
FN:75,reset
FN:81,getKey
FNF:7
FNH:7
FNDA:2,<instance_members_initializer>
FNDA:3,increment
FNDA:5,recordDuration
FNDA:2,measureAsync
FNDA:1,getMetrics
FNDA:1,reset
FNDA:8,getKey
DA:12,1
DA:13,2
DA:14,2
DA:15,2
DA:17,2
DA:18,3
DA:19,3
DA:20,3
DA:22,2
DA:23,5
DA:24,5
DA:25,3
DA:26,3
DA:27,5
DA:28,5
DA:30,2
DA:31,2
DA:32,2
DA:33,2
DA:34,2
DA:35,2
DA:36,2
DA:37,2
DA:38,1
DA:39,1
DA:40,1
DA:41,1
DA:42,1
DA:43,1
DA:44,2
DA:46,2
DA:47,1
DA:48,1
DA:49,1
DA:50,1
DA:53,1
DA:54,2
DA:55,2
DA:58,1
DA:59,3
DA:61,3
DA:62,3
DA:63,3
DA:64,3
DA:65,3
DA:66,3
DA:67,3
DA:68,3
DA:69,3
DA:70,3
DA:72,1
DA:73,1
DA:75,2
DA:76,1
DA:77,1
DA:78,1
DA:79,1
DA:81,2
DA:82,8
DA:83,0
DA:84,0
DA:85,8
DA:86,8
DA:87,8
DA:88,8
DA:89,8
DA:90,8
DA:91,2
DA:93,1
DA:96,1
DA:97,1
DA:98,1
DA:99,1
DA:100,1
DA:101,1
DA:102,1
DA:103,1
LF:77
LH:75
BRDA:12,0,0,2
BRDA:17,1,0,3
BRDA:19,2,0,2
BRDA:22,3,0,5
BRDA:24,4,0,3
BRDA:30,5,0,2
BRDA:37,6,0,1
BRDA:46,7,0,1
BRDA:53,8,0,2
BRDA:58,9,0,3
BRDA:59,10,0,0
BRDA:61,11,0,2
BRDA:75,12,0,1
BRDA:81,13,0,8
BRDA:82,14,0,0
BRDA:86,15,0,11
BRDA:87,16,0,19
BRF:17
BRH:15
end_of_record
TN:
SF:src/pattern-matcher.ts
FN:14,<instance_members_initializer>
FN:17,PatternMatcher
FN:24,findBestPattern
FN:32,findMatchingPatterns
FN:85,suggestByCategory
FN:98,getCategories
FN:119,tokenize
FNF:7
FNH:2
FNDA:1,<instance_members_initializer>
FNDA:1,PatternMatcher
FNDA:0,findBestPattern
FNDA:0,findMatchingPatterns
FNDA:0,suggestByCategory
FNDA:0,getCategories
FNDA:0,tokenize
DA:1,1
DA:14,1
DA:15,1
DA:17,1
DA:18,1
DA:19,1
DA:24,1
DA:25,0
DA:26,0
DA:27,0
DA:32,1
DA:33,0
DA:34,0
DA:36,0
DA:38,0
DA:39,0
DA:40,0
DA:43,0
DA:44,0
DA:45,0
DA:46,0
DA:47,0
DA:48,0
DA:51,0
DA:52,0
DA:53,0
DA:54,0
DA:55,0
DA:56,0
DA:57,0
DA:60,0
DA:61,0
DA:62,0
DA:63,0
DA:64,0
DA:65,0
DA:66,0
DA:67,0
DA:69,0
DA:70,0
DA:71,0
DA:72,0
DA:73,0
DA:74,0
DA:75,0
DA:76,0
DA:79,0
DA:80,0
DA:85,1
DA:86,0
DA:88,0
DA:89,0
DA:90,0
DA:91,0
DA:92,0
DA:93,0
DA:98,1
DA:99,0
DA:101,0
DA:103,0
DA:104,0
DA:105,0
DA:106,0
DA:109,0
DA:110,0
DA:111,0
DA:112,0
DA:113,0
DA:114,0
DA:116,0
DA:117,0
DA:119,1
DA:120,0
DA:121,0
DA:122,0
DA:123,0
DA:124,0
DA:125,1
DA:128,1
LF:79
LH:13
BRDA:14,0,0,1
BRDA:17,1,0,1
BRF:2
BRH:2
end_of_record
TN:
SF:src/planner.ts
FN:15,<instance_members_initializer>
FN:18,SimplePlanner
FN:27,plan
FN:229,detectHttpMethod
FN:237,extractUrl
FN:243,extractCron
FNF:6
FNH:5
FNDA:2,<instance_members_initializer>
FNDA:2,SimplePlanner
FNDA:2,plan
FNDA:2,detectHttpMethod
FNDA:2,extractUrl
FNDA:0,extractCron
DA:1,1
DA:15,1
DA:16,2
DA:18,2
DA:19,2
DA:20,2
DA:21,0
DA:22,0
DA:23,2
DA:27,2
DA:29,2
DA:30,0
DA:31,0
DA:32,0
DA:35,0
DA:36,0
DA:37,0
DA:40,2
DA:41,2
DA:44,2
DA:45,2
DA:46,2
DA:47,2
DA:48,2
DA:49,1
DA:50,1
DA:52,2
DA:53,2
DA:54,2
DA:55,2
DA:56,2
DA:57,2
DA:58,2
DA:59,2
DA:60,2
DA:61,2
DA:62,2
DA:63,2
DA:64,2
DA:65,2
DA:66,2
DA:67,2
DA:68,2
DA:69,2
DA:70,2
DA:71,2
DA:72,2
DA:73,2
DA:74,2
DA:75,2
DA:76,2
DA:77,2
DA:78,2
DA:80,2
DA:81,2
DA:84,0
DA:86,0
DA:87,0
DA:89,0
DA:91,0
DA:93,0
DA:94,0
DA:95,0
DA:96,0
DA:97,0
DA:98,0
DA:99,0
DA:100,0
DA:103,0
DA:104,0
DA:105,0
DA:106,0
DA:107,0
DA:109,0
DA:110,0
DA:111,0
DA:112,0
DA:113,0
DA:116,0
DA:119,2
DA:121,0
DA:122,0
DA:124,0
DA:125,0
DA:126,0
DA:127,0
DA:128,0
DA:129,0
DA:130,0
DA:131,0
DA:132,0
DA:133,0
DA:134,0
DA:135,0
DA:136,0
DA:137,0
DA:138,0
DA:139,0
DA:142,0
DA:143,0
DA:144,0
DA:145,0
DA:146,0
DA:147,0
DA:150,0
DA:151,0
DA:152,0
DA:153,0
DA:154,0
DA:155,0
DA:157,0
DA:158,0
DA:159,0
DA:160,0
DA:161,0
DA:162,0
DA:163,0
DA:164,0
DA:165,0
DA:166,0
DA:167,0
DA:168,0
DA:169,0
DA:170,0
DA:171,0
DA:172,0
DA:174,2
DA:175,0
DA:176,0
DA:177,0
DA:178,0
DA:179,0
DA:180,0
DA:181,0
DA:182,0
DA:183,0
DA:184,0
DA:185,0
DA:186,0
DA:187,0
DA:188,0
DA:189,0
DA:190,0
DA:191,0
DA:194,0
DA:195,0
DA:196,0
DA:197,0
DA:198,0
DA:199,0
DA:200,0
DA:201,0
DA:202,0
DA:203,0
DA:204,0
DA:205,0
DA:206,0
DA:207,0
DA:208,0
DA:210,0
DA:211,0
DA:212,0
DA:213,0
DA:214,0
DA:216,0
DA:217,0
DA:218,0
DA:219,0
DA:220,0
DA:221,0
DA:223,0
DA:224,0
DA:225,0
DA:226,0
DA:227,2
DA:229,2
DA:230,2
DA:231,2
DA:232,2
DA:233,2
DA:234,1
DA:235,2
DA:237,2
DA:239,2
DA:240,2
DA:241,2
DA:243,2
DA:245,0
DA:246,0
DA:247,0
DA:248,0
DA:251,0
DA:252,0
DA:253,0
DA:254,2
LF:195
LH:63
BRDA:15,0,0,2
BRDA:18,1,0,2
BRDA:20,2,0,0
BRDA:27,3,0,2
BRDA:29,4,0,0
BRDA:44,5,0,0
BRDA:44,6,0,0
BRDA:47,7,0,0
BRDA:48,8,0,1
BRDA:81,9,0,0
BRDA:119,10,0,0
BRDA:119,11,0,0
BRDA:174,12,0,0
BRDA:229,13,0,2
BRDA:230,14,0,1
BRDA:231,15,0,1
BRDA:231,16,0,0
BRDA:231,17,0,1
BRDA:232,18,0,0
BRDA:232,19,0,1
BRDA:233,20,0,0
BRDA:233,21,0,1
BRDA:237,22,0,2
BRDA:240,23,0,0
BRF:24
BRH:11
end_of_record
TN:
SF:src/shims.d.ts
FN:1,(empty-report)
FNF:1
FNH:1
FNDA:1,(empty-report)
LF:0
LH:0
BRDA:1,0,0,1
BRF:1
BRH:1
end_of_record
TN:
SF:src/workflow-map.ts
FN:1,(empty-report)
FNF:1
FNH:1
FNDA:1,(empty-report)
DA:21,0
DA:22,0
DA:24,0
DA:25,0
DA:26,0
DA:27,0
DA:28,0
DA:29,0
DA:30,0
DA:31,0
DA:32,0
DA:34,0
DA:35,0
DA:36,0
DA:37,0
DA:38,0
DA:40,0
DA:41,0
DA:42,0
DA:43,0
DA:44,0
DA:45,0
DA:46,0
DA:47,0
DA:49,0
DA:51,0
DA:52,0
DA:53,0
DA:54,0
DA:55,0
DA:56,0
DA:57,0
DA:59,0
DA:60,0
DA:62,0
DA:63,0
DA:64,0
LF:37
LH:0
BRDA:1,0,0,1
BRF:1
BRH:1
end_of_record
TN:
SF:src/workflow-patterns.ts
FN:288,findMatchingPattern
FN:312,generateOperationsFromPattern
FNF:2
FNH:0
FNDA:0,findMatchingPattern
FNDA:0,generateOperationsFromPattern
DA:20,1
DA:21,1
DA:22,1
DA:23,1
DA:24,1
DA:25,1
DA:26,1
DA:27,1
DA:28,1
DA:29,1
DA:30,1
DA:31,1
DA:32,1
DA:33,1
DA:34,1
DA:35,1
DA:36,1
DA:37,1
DA:38,1
DA:39,1
DA:40,1
DA:41,1
DA:42,1
DA:43,1
DA:44,1
DA:45,1
DA:46,1
DA:47,1
DA:48,1
DA:49,1
DA:50,1
DA:51,1
DA:52,1
DA:53,1
DA:54,1
DA:55,1
DA:56,1
DA:57,1
DA:58,1
DA:59,1
DA:60,1
DA:61,1
DA:62,1
DA:63,1
DA:65,1
DA:66,1
DA:67,1
DA:68,1
DA:69,1
DA:70,1
DA:71,1
DA:72,1
DA:73,1
DA:74,1
DA:75,1
DA:76,1
DA:77,1
DA:78,1
DA:79,1
DA:80,1
DA:81,1
DA:82,1
DA:83,1
DA:84,1
DA:85,1
DA:86,1
DA:87,1
DA:88,1
DA:89,1
DA:90,1
DA:91,1
DA:92,1
DA:93,1
DA:94,1
DA:95,1
DA:96,1
DA:97,1
DA:98,1
DA:99,1
DA:100,1
DA:101,1
DA:102,1
DA:103,1
DA:104,1
DA:105,1
DA:106,1
DA:107,1
DA:108,1
DA:109,1
DA:110,1
DA:111,1
DA:112,1
DA:114,1
DA:115,1
DA:116,1
DA:117,1
DA:118,1
DA:119,1
DA:120,1
DA:121,1
DA:122,1
DA:123,1
DA:124,1
DA:125,1
DA:126,1
DA:127,1
DA:128,1
DA:129,1
DA:130,1
DA:131,1
DA:132,1
DA:133,1
DA:134,1
DA:135,1
DA:136,1
DA:137,1
DA:138,1
DA:139,1
DA:140,1
DA:141,1
DA:142,1
DA:143,1
DA:144,1
DA:145,1
DA:146,1
DA:147,1
DA:148,1
DA:149,1
DA:150,1
DA:151,1
DA:152,1
DA:153,1
DA:154,1
DA:155,1
DA:156,1
DA:157,1
DA:158,1
DA:159,1
DA:160,1
DA:161,1
DA:162,1
DA:163,1
DA:165,1
DA:166,1
DA:167,1
DA:168,1
DA:169,1
DA:170,1
DA:171,1
DA:172,1
DA:173,1
DA:174,1
DA:175,1
DA:176,1
DA:177,1
DA:178,1
DA:179,1
DA:180,1
DA:181,1
DA:182,1
DA:183,1
DA:184,1
DA:185,1
DA:186,1
DA:187,1
DA:188,1
DA:189,1
DA:190,1
DA:191,1
DA:193,1
DA:194,1
DA:195,1
DA:196,1
DA:197,1
DA:198,1
DA:199,1
DA:200,1
DA:201,1
DA:202,1
DA:203,1
DA:204,1
DA:205,1
DA:206,1
DA:207,1
DA:208,1
DA:209,1
DA:210,1
DA:211,1
DA:212,1
DA:213,1
DA:214,1
DA:215,1
DA:216,1
DA:217,1
DA:219,1
DA:220,1
DA:221,1
DA:222,1
DA:223,1
DA:224,1
DA:225,1
DA:226,1
DA:227,1
DA:228,1
DA:229,1
DA:230,1
DA:231,1
DA:232,1
DA:233,1
DA:234,1
DA:235,1
DA:236,1
DA:237,1
DA:238,1
DA:239,1
DA:240,1
DA:241,1
DA:242,1
DA:243,1
DA:244,1
DA:245,1
DA:246,1
DA:247,1
DA:248,1
DA:249,1
DA:250,1
DA:251,1
DA:252,1
DA:253,1
DA:254,1
DA:255,1
DA:256,1
DA:257,1
DA:258,1
DA:259,1
DA:260,1
DA:261,1
DA:262,1
DA:263,1
DA:264,1
DA:265,1
DA:266,1
DA:267,1
DA:268,1
DA:269,1
DA:270,1
DA:271,1
DA:272,1
DA:273,1
DA:275,1
DA:276,1
DA:277,1
DA:278,1
DA:279,1
DA:280,1
DA:281,1
DA:282,1
DA:283,1
DA:288,1
DA:289,0
DA:291,0
DA:292,0
DA:293,0
DA:294,0
DA:297,0
DA:298,0
DA:299,0
DA:300,0
DA:302,0
DA:303,0
DA:312,1
DA:313,0
DA:316,0
DA:317,0
DA:318,0
DA:319,0
DA:320,0
DA:321,0
DA:322,0
DA:323,0
DA:324,0
DA:325,0
DA:326,0
DA:327,0
DA:328,0
DA:331,0
DA:332,0
DA:333,0
DA:334,0
DA:335,0
DA:336,0
DA:337,0
DA:339,0
DA:340,0
LF:294
LH:260
BRF:0
BRH:0
end_of_record
TN:
SF:src/audit/audit-logger.ts
FN:110,<instance_members_initializer>
FN:113,logOperation
FN:168,logPolicyViolation
FN:186,query
FN:226,hashString
FN:230,hashObject
FN:238,DatabaseAuditLogger
FN:242,logOperation
FN:251,logPolicyViolation
FN:260,query
FN:269,initializeAuditLogger
FN:273,getAuditLogger
FN:281,extractCostFromAIResponse
FN:354,<instance_members_initializer>
FN:360,AuditLogger
FN:368,log
FN:381,logAIPrompt
FN:397,logPolicyViolation
FN:409,logGitOperation
FN:422,query
FN:426,getAIUsageStats
FN:449,getPolicyViolationSummary
FN:460,generateComplianceReport
FN:472,exportLogs
FN:481,cleanupOldLogs
FNF:25
FNH:15
FNDA:1,<instance_members_initializer>
FNDA:0,logOperation
FNDA:0,logPolicyViolation
FNDA:0,query
FNDA:0,hashString
FNDA:0,hashObject
FNDA:0,DatabaseAuditLogger
FNDA:0,logOperation
FNDA:0,logPolicyViolation
FNDA:0,query
FNDA:1,initializeAuditLogger
FNDA:7,getAuditLogger
FNDA:0,extractCostFromAIResponse
FNDA:14,<instance_members_initializer>
FNDA:14,AuditLogger
FNDA:5,log
FNDA:1,logAIPrompt
FNDA:1,logPolicyViolation
FNDA:1,logGitOperation
FNDA:3,query
FNDA:1,getAIUsageStats
FNDA:1,getPolicyViolationSummary
FNDA:1,generateComplianceReport
FNDA:1,exportLogs
FNDA:1,cleanupOldLogs
DA:1,1
DA:7,1
DA:8,1
DA:9,1
DA:12,1
DA:13,1
DA:14,1
DA:15,1
DA:18,1
DA:19,1
DA:22,1
DA:23,1
DA:24,1
DA:25,1
DA:28,1
DA:29,1
DA:30,1
DA:31,1
DA:34,1
DA:35,1
DA:36,1
DA:37,1
DA:38,1
DA:39,1
DA:40,1
DA:41,1
DA:44,1
DA:45,1
DA:46,1
DA:49,1
DA:50,1
DA:51,1
DA:52,1
DA:53,1
DA:54,1
DA:57,1
DA:58,1
DA:59,1
DA:110,1
DA:111,1
DA:113,1
DA:114,0
DA:115,0
DA:116,0
DA:117,0
DA:118,0
DA:120,0
DA:121,0
DA:122,0
DA:125,0
DA:126,0
DA:127,0
DA:128,0
DA:131,0
DA:132,0
DA:135,0
DA:136,0
DA:137,0
DA:138,0
DA:141,0
DA:142,0
DA:143,0
DA:144,0
DA:147,0
DA:148,0
DA:151,0
DA:152,0
DA:153,0
DA:156,0
DA:157,0
DA:158,0
DA:160,0
DA:163,0
DA:164,0
DA:165,0
DA:166,0
DA:168,1
DA:169,0
DA:170,0
DA:171,0
DA:172,0
DA:173,0
DA:174,0
DA:175,0
DA:176,0
DA:179,0
DA:180,0
DA:181,0
DA:182,0
DA:183,0
DA:184,0
DA:186,1
DA:187,0
DA:190,0
DA:191,0
DA:192,0
DA:194,0
DA:195,0
DA:196,0
DA:198,0
DA:199,0
DA:200,0
DA:201,0
DA:203,0
DA:204,0
DA:205,0
DA:206,0
DA:208,0
DA:209,0
DA:210,0
DA:212,0
DA:213,0
DA:214,0
DA:217,0
DA:220,0
DA:221,0
DA:223,0
DA:224,0
DA:226,1
DA:227,0
DA:228,0
DA:230,1
DA:231,0
DA:232,0
DA:233,0
DA:234,1
DA:237,1
DA:238,1
DA:240,0
DA:242,1
DA:243,0
DA:244,0
DA:245,0
DA:246,0
DA:248,0
DA:249,0
DA:251,1
DA:252,0
DA:253,0
DA:254,0
DA:255,0
DA:257,0
DA:258,0
DA:260,1
DA:262,0
DA:263,0
DA:264,1
DA:267,1
DA:269,1
DA:270,1
DA:271,1
DA:273,1
DA:274,7
DA:275,1
DA:276,1
DA:277,7
DA:278,7
DA:281,1
DA:288,0
DA:290,0
DA:291,0
DA:292,0
DA:293,0
DA:294,0
DA:295,0
DA:296,0
DA:297,0
DA:298,0
DA:299,0
DA:303,0
DA:304,0
DA:354,1
DA:355,14
DA:356,14
DA:357,14
DA:358,14
DA:360,14
DA:361,14
DA:362,14
DA:363,14
DA:364,14
DA:365,14
DA:366,14
DA:368,14
DA:369,5
DA:371,5
DA:372,5
DA:373,5
DA:374,5
DA:377,0
DA:378,0
DA:379,5
DA:381,14
DA:382,1
DA:383,1
DA:384,1
DA:385,1
DA:386,1
DA:387,1
DA:388,1
DA:389,1
DA:390,1
DA:391,1
DA:392,1
DA:393,1
DA:394,1
DA:395,1
DA:397,14
DA:398,1
DA:399,1
DA:400,1
DA:401,1
DA:402,1
DA:403,1
DA:404,1
DA:405,1
DA:406,1
DA:407,1
DA:409,14
DA:410,1
DA:411,1
DA:412,1
DA:413,1
DA:414,1
DA:415,1
DA:416,1
DA:417,1
DA:418,1
DA:419,1
DA:420,1
DA:422,14
DA:423,3
DA:424,3
DA:426,14
DA:427,1
DA:429,0
DA:430,0
DA:431,0
DA:432,0
DA:433,0
DA:434,0
DA:435,0
DA:436,0
DA:437,0
DA:438,0
DA:439,0
DA:440,0
DA:441,0
DA:442,0
DA:443,0
DA:444,0
DA:445,0
DA:446,0
DA:447,1
DA:449,14
DA:450,1
DA:451,1
DA:452,1
DA:453,3
DA:454,3
DA:455,3
DA:456,3
DA:457,1
DA:458,1
DA:460,14
DA:461,1
DA:462,1
DA:463,1
DA:464,1
DA:465,1
DA:466,1
DA:467,1
DA:468,1
DA:469,1
DA:470,1
DA:472,14
DA:473,1
DA:474,1
DA:476,1
DA:477,1
DA:478,1
DA:479,1
DA:481,14
DA:482,1
DA:483,1
DA:484,1
DA:485,1
DA:486,1
DA:487,14
LF:289
LH:161
BRDA:110,0,0,1
BRDA:269,1,0,1
BRDA:273,2,0,7
BRDA:274,3,0,1
BRDA:354,4,0,14
BRDA:360,5,0,14
BRDA:368,6,0,5
BRDA:374,7,0,0
BRDA:381,8,0,1
BRDA:397,9,0,1
BRDA:409,10,0,1
BRDA:422,11,0,3
BRDA:426,12,0,1
BRDA:427,13,0,0
BRDA:449,14,0,1
BRDA:452,15,0,3
BRDA:453,16,0,0
BRDA:454,17,0,2
BRDA:460,18,0,1
BRDA:465,19,0,0
BRDA:467,20,0,0
BRDA:467,21,0,0
BRDA:463,22,0,4
BRDA:463,23,0,3
BRDA:464,24,0,4
BRDA:472,25,0,1
BRDA:474,26,0,0
BRDA:477,27,0,1
BRDA:477,28,0,0
BRDA:477,29,0,0
BRDA:477,30,0,0
BRDA:477,31,0,0
BRDA:481,32,0,1
BRDA:482,33,0,0
BRF:34
BRH:22
end_of_record
TN:
SF:src/cache/schema-cache.ts
FN:32,<instance_members_initializer>
FN:43,SchemaCache
FN:51,get
FN:78,set
FN:104,invalidate
FN:118,delete
FN:130,clear
FN:143,getStats
FN:150,getHitRate
FN:158,warmUp
FN:167,warmCache
FN:185,getCachedTypes
FN:192,has
FN:206,getSizeInBytes
FN:218,export
FN:235,import
FN:251,makeKey
FN:255,updateAccessOrder
FN:262,evictLRU
FN:272,computeHash
FN:282,getSchemaCache
FN:292,warmSchemaCache
FNF:22
FNH:15
FNDA:10,<instance_members_initializer>
FNDA:10,SchemaCache
FNDA:11,get
FNDA:14,set
FNDA:1,invalidate
FNDA:2,delete
FNDA:1,clear
FNDA:9,getStats
FNDA:3,getHitRate
FNDA:0,warmUp
FNDA:2,warmCache
FNDA:0,getCachedTypes
FNDA:14,has
FNDA:0,getSizeInBytes
FNDA:0,export
FNDA:0,import
FNDA:40,makeKey
FNDA:21,updateAccessOrder
FNDA:1,evictLRU
FNDA:14,computeHash
FNDA:0,getSchemaCache
FNDA:0,warmSchemaCache
DA:1,1
DA:5,1
DA:6,1
DA:7,1
DA:8,1
DA:9,1
DA:10,1
DA:11,1
DA:12,1
DA:13,1
DA:14,1
DA:15,1
DA:16,1
DA:17,1
DA:18,1
DA:19,1
DA:32,1
DA:33,10
DA:34,10
DA:35,10
DA:36,10
DA:37,10
DA:38,10
DA:39,10
DA:40,10
DA:41,10
DA:43,10
DA:44,10
DA:45,10
DA:46,10
DA:51,10
DA:52,11
DA:53,11
DA:55,11
DA:56,3
DA:57,3
DA:58,3
DA:61,8
DA:62,11
DA:63,1
DA:64,1
DA:65,1
DA:66,1
DA:69,7
DA:70,7
DA:72,7
DA:73,11
DA:78,10
DA:79,14
DA:80,14
DA:81,14
DA:84,14
DA:85,14
DA:86,14
DA:87,14
DA:88,14
DA:89,14
DA:92,14
DA:93,1
DA:94,1
DA:96,14
DA:97,14
DA:98,14
DA:99,14
DA:104,10
DA:105,1
DA:106,1
DA:107,1
DA:108,1
DA:109,1
DA:110,1
DA:111,1
DA:112,0
DA:113,1
DA:118,10
DA:119,2
DA:120,2
DA:121,2
DA:122,2
DA:123,2
DA:124,2
DA:125,2
DA:130,10
DA:131,1
DA:132,1
DA:133,1
DA:134,1
DA:135,1
DA:136,1
DA:137,1
DA:138,1
DA:143,10
DA:144,9
DA:145,9
DA:150,10
DA:151,3
DA:152,3
DA:153,3
DA:158,10
DA:159,0
DA:160,0
DA:161,0
DA:162,0
DA:167,10
DA:168,2
DA:169,3
DA:170,3
DA:171,2
DA:172,2
DA:174,2
DA:175,2
DA:176,3
DA:178,1
DA:179,3
DA:180,2
DA:185,10
DA:186,0
DA:187,0
DA:192,10
DA:193,14
DA:194,14
DA:196,14
DA:199,9
DA:200,9
DA:201,14
DA:206,10
DA:207,0
DA:208,0
DA:209,0
DA:210,0
DA:211,0
DA:212,0
DA:213,0
DA:218,10
DA:219,0
DA:221,0
DA:223,0
DA:224,0
DA:225,0
DA:226,0
DA:227,0
DA:229,0
DA:230,0
DA:235,10
DA:236,0
DA:238,0
DA:239,0
DA:240,0
DA:241,0
DA:242,0
DA:243,0
DA:244,0
DA:246,0
DA:247,0
DA:251,10
DA:252,40
DA:253,40
DA:255,10
DA:257,21
DA:259,21
DA:260,21
DA:262,10
DA:263,1
DA:266,1
DA:267,1
DA:268,1
DA:269,1
DA:270,1
DA:272,10
DA:273,14
DA:274,14
DA:275,14
DA:276,14
DA:277,10
DA:280,1
DA:282,1
DA:283,0
DA:284,0
DA:285,0
DA:286,0
DA:287,0
DA:288,0
DA:289,0
DA:292,0
DA:293,0
DA:295,0
DA:296,0
DA:297,0
DA:298,0
DA:299,0
DA:300,0
DA:301,0
DA:302,0
DA:303,0
DA:304,0
DA:305,0
DA:306,0
DA:307,0
DA:308,0
DA:309,0
DA:310,0
DA:311,0
DA:312,0
DA:313,0
DA:314,0
DA:315,0
DA:316,0
DA:317,0
DA:318,0
DA:319,0
DA:320,0
DA:321,0
DA:322,0
DA:323,0
DA:324,0
DA:325,0
DA:326,0
DA:327,0
DA:328,0
DA:329,0
DA:330,0
DA:331,0
DA:332,0
DA:333,0
DA:334,0
DA:335,0
DA:336,0
DA:337,0
DA:338,0
DA:339,0
DA:340,0
DA:341,0
DA:342,0
DA:343,0
DA:344,0
DA:345,0
DA:346,0
DA:347,0
DA:348,0
DA:349,0
DA:350,0
DA:351,0
DA:352,0
DA:353,0
DA:354,0
DA:355,0
DA:356,0
DA:357,0
DA:358,0
DA:359,0
DA:360,0
DA:361,0
DA:362,0
DA:363,0
DA:364,0
DA:365,0
DA:366,0
DA:367,0
DA:368,0
DA:369,0
DA:370,0
DA:371,0
DA:372,0
DA:373,0
DA:374,0
DA:375,0
DA:376,0
DA:377,0
DA:378,0
DA:379,0
DA:380,0
DA:381,0
DA:382,0
DA:383,0
DA:384,0
DA:385,0
DA:386,0
DA:387,0
DA:388,0
DA:389,0
DA:390,0
DA:391,0
DA:392,0
DA:393,0
DA:394,0
DA:395,0
DA:396,0
DA:398,0
DA:399,0
LF:289
LH:143
BRDA:32,0,0,10
BRDA:43,1,0,10
BRDA:51,2,0,11
BRDA:55,3,0,3
BRDA:58,4,0,8
BRDA:62,5,0,1
BRDA:66,6,0,7
BRDA:78,7,0,14
BRDA:79,8,0,0
BRDA:80,9,0,0
BRDA:86,10,0,0
BRDA:86,11,0,0
BRDA:92,12,0,1
BRDA:92,13,0,1
BRDA:104,14,0,1
BRDA:107,15,0,0
BRDA:111,16,0,0
BRDA:118,17,0,2
BRDA:121,18,0,2
BRDA:130,19,0,1
BRDA:143,20,0,9
BRDA:150,21,0,3
BRDA:152,22,0,2
BRDA:152,23,0,1
BRDA:167,24,0,2
BRDA:168,25,0,3
BRDA:170,26,0,2
BRDA:172,27,0,0
BRDA:176,28,0,1
BRDA:192,29,0,14
BRDA:196,30,0,5
BRDA:196,31,0,9
BRDA:251,32,0,40
BRDA:252,33,0,0
BRDA:255,34,0,21
BRDA:257,35,0,17
BRDA:262,36,0,1
BRDA:263,37,0,0
BRDA:272,38,0,14
BRDA:273,39,0,0
BRDA:274,40,0,0
BRF:41
BRH:30
end_of_record
TN:
SF:src/ci/ci-validator.ts
FN:58,<instance_members_initializer>
FN:64,CIValidator
FN:75,validate
FN:187,validateWorkflow
FN:237,validateOperationBatch
FN:269,simulate
FN:328,simulateWorkflow
FN:378,validateWorkflowSecurity
FN:410,analyzePerformance
FN:421,validateNodeTypes
FN:446,validateConnections
FN:494,validateParameters
FN:524,checkComplexity
FN:561,performSecurityChecks
FN:607,buildWorkflowFromBatch
FN:632,analyzeExecutionOrder
FN:657,visitNode
FN:672,getNodeDependencies
FN:677,simulateNode
FNF:19
FNH:10
FNDA:13,<instance_members_initializer>
FNDA:13,CIValidator
FNDA:0,validate
FNDA:5,validateWorkflow
FNDA:2,validateOperationBatch
FNDA:0,simulate
FNDA:3,simulateWorkflow
FNDA:2,validateWorkflowSecurity
FNDA:1,analyzePerformance
FNDA:0,validateNodeTypes
FNDA:0,validateConnections
FNDA:0,validateParameters
FNDA:0,checkComplexity
FNDA:0,performSecurityChecks
FNDA:0,buildWorkflowFromBatch
FNDA:3,analyzeExecutionOrder
FNDA:7,visitNode
FNDA:0,getNodeDependencies
FNDA:7,simulateNode
DA:1,1
DA:8,1
DA:9,1
DA:10,1
DA:11,1
DA:12,1
DA:13,1
DA:14,1
DA:15,1
DA:16,1
DA:17,1
DA:18,1
DA:19,1
DA:20,1
DA:21,1
DA:22,1
DA:23,1
DA:24,1
DA:29,1
DA:30,1
DA:31,1
DA:32,1
DA:33,1
DA:34,1
DA:35,1
DA:36,1
DA:37,1
DA:38,1
DA:39,1
DA:40,1
DA:41,1
DA:42,1
DA:43,1
DA:44,1
DA:45,1
DA:46,1
DA:58,1
DA:59,13
DA:60,13
DA:61,13
DA:62,13
DA:64,13
DA:65,13
DA:66,13
DA:67,13
DA:68,13
DA:69,13
DA:70,13
DA:75,13
DA:76,0
DA:77,0
DA:78,0
DA:82,0
DA:83,0
DA:84,0
DA:85,0
DA:86,0
DA:89,0
DA:90,0
DA:91,0
DA:92,0
DA:93,0
DA:94,0
DA:95,0
DA:96,0
DA:97,0
DA:98,0
DA:99,0
DA:100,0
DA:103,0
DA:104,0
DA:105,0
DA:106,0
DA:107,0
DA:108,0
DA:109,0
DA:110,0
DA:111,0
DA:112,0
DA:113,0
DA:114,0
DA:115,0
DA:116,0
DA:117,0
DA:120,0
DA:121,0
DA:122,0
DA:123,0
DA:124,0
DA:125,0
DA:126,0
DA:127,0
DA:128,0
DA:129,0
DA:130,0
DA:131,0
DA:132,0
DA:133,0
DA:136,0
DA:137,0
DA:138,0
DA:139,0
DA:140,0
DA:141,0
DA:142,0
DA:145,0
DA:146,0
DA:147,0
DA:148,0
DA:149,0
DA:150,0
DA:151,0
DA:154,0
DA:155,0
DA:156,0
DA:157,0
DA:158,0
DA:159,0
DA:160,0
DA:163,0
DA:164,0
DA:165,0
DA:166,0
DA:167,0
DA:168,0
DA:169,0
DA:171,0
DA:172,0
DA:174,0
DA:175,0
DA:176,0
DA:177,0
DA:178,0
DA:179,0
DA:180,0
DA:181,0
DA:182,0
DA:183,0
DA:184,0
DA:185,0
DA:187,13
DA:188,5
DA:189,5
DA:192,5
DA:193,5
DA:194,3
DA:195,3
DA:198,5
DA:199,2
DA:200,2
DA:201,2
DA:202,2
DA:203,1
DA:204,1
DA:205,2
DA:206,2
DA:207,2
DA:210,5
DA:211,5
DA:212,7
DA:213,7
DA:214,7
DA:215,4
DA:216,2
DA:217,2
DA:218,4
DA:219,7
DA:221,7
DA:222,1
DA:223,1
DA:224,1
DA:225,1
DA:226,1
DA:227,1
DA:228,1
DA:229,1
DA:230,1
DA:231,7
DA:232,5
DA:234,5
DA:235,5
DA:237,13
DA:238,2
DA:239,2
DA:240,2
DA:243,2
DA:244,0
DA:245,0
DA:246,2
DA:248,2
DA:249,2
DA:250,4
DA:251,1
DA:252,1
DA:253,1
DA:254,4
DA:255,2
DA:256,4
DA:257,2
DA:258,2
DA:259,1
DA:260,1
DA:261,2
DA:262,4
DA:263,2
DA:264,2
DA:269,13
DA:270,0
DA:271,0
DA:272,0
DA:276,0
DA:277,0
DA:278,0
DA:281,0
DA:284,0
DA:287,0
DA:288,0
DA:289,0
DA:291,0
DA:292,0
DA:293,0
DA:295,0
DA:297,0
DA:298,0
DA:299,0
DA:300,0
DA:301,0
DA:302,0
DA:303,0
DA:304,0
DA:306,0
DA:307,0
DA:308,0
DA:310,0
DA:311,0
DA:312,0
DA:313,0
DA:315,0
DA:316,0
DA:317,0
DA:318,0
DA:319,0
DA:320,0
DA:321,0
DA:322,0
DA:323,0
DA:324,0
DA:325,0
DA:326,0
DA:328,13
DA:330,3
DA:332,3
DA:333,3
DA:334,3
DA:335,3
DA:336,5
DA:337,5
DA:338,5
DA:339,5
DA:340,5
DA:341,5
DA:342,5
DA:343,5
DA:344,5
DA:345,5
DA:346,3
DA:347,1
DA:348,1
DA:350,3
DA:351,3
DA:352,3
DA:353,3
DA:354,7
DA:355,7
DA:356,7
DA:357,7
DA:358,7
DA:359,7
DA:360,7
DA:361,3
DA:362,3
DA:363,3
DA:364,3
DA:365,3
DA:366,3
DA:367,3
DA:368,3
DA:369,3
DA:370,3
DA:371,3
DA:372,3
DA:373,3
DA:374,3
DA:375,3
DA:376,3
DA:378,13
DA:379,2
DA:380,2
DA:382,2
DA:383,0
DA:384,0
DA:386,2
DA:387,0
DA:388,0
DA:390,2
DA:391,2
DA:392,1
DA:393,1
DA:394,1
DA:395,1
DA:396,1
DA:397,1
DA:398,1
DA:400,2
DA:401,1
DA:402,1
DA:403,1
DA:404,1
DA:405,1
DA:406,2
DA:407,2
DA:408,2
DA:410,13
DA:411,1
DA:412,1
DA:413,1
DA:414,1
DA:415,1
DA:416,1
DA:417,1
DA:421,13
DA:422,0
DA:423,0
DA:424,0
DA:425,0
DA:426,0
DA:427,0
DA:428,0
DA:429,0
DA:430,0
DA:431,0
DA:433,0
DA:435,0
DA:436,0
DA:437,0
DA:438,0
DA:439,0
DA:440,0
DA:441,0
DA:443,0
DA:444,0
DA:446,13
DA:447,0
DA:448,0
DA:449,0
DA:450,0
DA:451,0
DA:454,0
DA:455,0
DA:456,0
DA:459,0
DA:460,0
DA:461,0
DA:462,0
DA:463,0
DA:464,0
DA:465,0
DA:468,0
DA:469,0
DA:470,0
DA:471,0
DA:472,0
DA:473,0
DA:474,0
DA:475,0
DA:476,0
DA:477,0
DA:478,0
DA:479,0
DA:480,0
DA:481,0
DA:482,0
DA:483,0
DA:484,0
DA:485,0
DA:486,0
DA:487,0
DA:488,0
DA:489,0
DA:491,0
DA:492,0
DA:494,13
DA:495,0
DA:497,0
DA:498,0
DA:499,0
DA:502,0
DA:503,0
DA:504,0
DA:505,0
DA:506,0
DA:507,0
DA:508,0
DA:509,0
DA:510,0
DA:511,0
DA:512,0
DA:513,0
DA:514,0
DA:515,0
DA:516,0
DA:517,0
DA:518,0
DA:519,0
DA:521,0
DA:522,0
DA:524,13
DA:525,0
DA:526,0
DA:527,0
DA:528,0
DA:531,0
DA:532,0
DA:534,0
DA:535,0
DA:536,0
DA:537,0
DA:538,0
DA:540,0
DA:541,0
DA:542,0
DA:543,0
DA:544,0
DA:545,0
DA:546,0
DA:547,0
DA:549,0
DA:550,0
DA:551,0
DA:552,0
DA:553,0
DA:554,0
DA:555,0
DA:556,0
DA:558,0
DA:559,0
DA:561,13
DA:562,0
DA:564,0
DA:565,0
DA:566,0
DA:568,0
DA:569,0
DA:572,0
DA:573,0
DA:574,0
DA:575,0
DA:576,0
DA:577,0
DA:578,0
DA:579,0
DA:580,0
DA:581,0
DA:582,0
DA:585,0
DA:586,0
DA:587,0
DA:588,0
DA:589,0
DA:590,0
DA:591,0
DA:592,0
DA:593,0
DA:594,0
DA:595,0
DA:596,0
DA:597,0
DA:598,0
DA:599,0
DA:600,0
DA:602,0
DA:603,0
DA:607,13
DA:609,0
DA:610,0
DA:611,0
DA:612,0
DA:614,0
DA:615,0
DA:616,0
DA:617,0
DA:618,0
DA:619,0
DA:620,0
DA:621,0
DA:622,0
DA:623,0
DA:624,0
DA:626,0
DA:627,0
DA:629,0
DA:630,0
DA:632,13
DA:634,3
DA:635,3
DA:638,3
DA:639,7
DA:640,3
DA:643,3
DA:644,2
DA:645,2
DA:648,3
DA:649,7
DA:650,5
DA:651,5
DA:652,7
DA:654,3
DA:655,3
DA:657,13
DA:658,7
DA:659,7
DA:660,7
DA:661,7
DA:662,7
DA:663,7
DA:664,7
DA:669,7
DA:670,7
DA:672,13
DA:674,0
DA:675,0
DA:677,13
DA:683,7
DA:685,7
DA:686,7
DA:687,7
DA:688,7
DA:689,7
DA:690,7
DA:691,7
DA:693,7
DA:694,16
DA:695,7
DA:697,7
DA:698,1
DA:699,1
DA:700,1
DA:701,1
DA:704,7
DA:706,7
DA:707,0
DA:708,0
DA:710,7
DA:711,7
DA:712,7
DA:713,7
DA:714,7
DA:715,13
LF:558
LH:249
BRDA:58,0,0,13
BRDA:64,1,0,13
BRDA:65,2,0,0
BRDA:68,3,0,0
BRDA:69,4,0,0
BRDA:187,5,0,5
BRDA:192,6,0,0
BRDA:192,7,0,3
BRDA:193,8,0,3
BRDA:198,9,0,0
BRDA:198,10,0,2
BRDA:199,11,0,0
BRDA:202,12,0,1
BRDA:211,13,0,7
BRDA:214,14,0,4
BRDA:215,15,0,2
BRDA:215,16,0,2
BRDA:221,17,0,1
BRDA:221,18,0,1
BRDA:192,19,0,2
BRDA:192,20,0,3
BRDA:202,21,0,4
BRDA:237,22,0,2
BRDA:239,23,0,0
BRDA:243,24,0,0
BRDA:249,25,0,4
BRDA:250,26,0,1
BRDA:251,27,0,0
BRDA:251,28,0,0
BRDA:255,29,0,4
BRDA:256,30,0,2
BRDA:257,31,0,0
BRDA:257,32,0,0
BRDA:258,33,0,1
BRDA:328,34,0,3
BRDA:335,35,0,0
BRDA:335,36,0,5
BRDA:336,37,0,0
BRDA:339,38,0,1
BRDA:341,39,0,0
BRDA:346,40,0,1
BRDA:353,41,0,7
BRDA:354,42,0,0
BRDA:355,43,0,0
BRDA:359,44,0,4
BRDA:354,45,0,12
BRDA:378,46,0,2
BRDA:380,47,0,0
BRDA:382,48,0,1
BRDA:382,49,0,1
BRDA:382,50,0,0
BRDA:386,51,0,1
BRDA:386,52,0,1
BRDA:386,53,0,0
BRDA:390,54,0,1
BRDA:391,55,0,1
BRDA:393,56,0,0
BRDA:394,57,0,0
BRDA:400,58,0,1
BRDA:401,59,0,0
BRDA:410,60,0,1
BRDA:411,61,0,0
BRDA:414,62,0,0
BRDA:415,63,0,0
BRDA:632,64,0,3
BRDA:643,65,0,2
BRDA:648,66,0,7
BRDA:649,67,0,5
BRDA:638,68,0,7
BRDA:657,69,0,7
BRDA:663,70,0,0
BRDA:677,71,0,7
BRDA:697,72,0,1
BRDA:697,73,0,1
BRDA:706,74,0,3
BRDA:706,75,0,0
BRDA:693,76,0,16
BRF:77
BRH:49
end_of_record
TN:
SF:src/git/git-integration.ts
FN:48,GitIntegration
FN:50,ensureRepository
FN:65,commitWorkflow
FN:71,commitMsg.generateCommitMessage.version
FN:80,success
FN:91,generateCommitMessage
FN:106,createPullRequest
FN:118,createBranch
FN:129,switchToMainBranch
FN:138,generateDiff
FN:159,execAsyncCompat
FN:170,createGitIntegration
FNF:12
FNH:10
FNDA:12,GitIntegration
FNDA:2,ensureRepository
FNDA:2,commitWorkflow
FNDA:2,commitMsg.generateCommitMessage.version
FNDA:2,success
FNDA:4,generateCommitMessage
FNDA:2,createPullRequest
FNDA:1,createBranch
FNDA:1,switchToMainBranch
FNDA:1,generateDiff
FNDA:0,execAsyncCompat
FNDA:0,createGitIntegration
DA:1,1
DA:8,1
DA:11,1
DA:12,1
DA:13,1
DA:14,1
DA:15,1
DA:16,1
DA:17,1
DA:18,1
DA:19,1
DA:20,1
DA:21,1
DA:22,1
DA:23,1
DA:24,1
DA:25,1
DA:26,1
DA:27,1
DA:28,1
DA:47,1
DA:48,1
DA:50,1
DA:52,2
DA:53,2
DA:54,1
DA:55,1
DA:57,1
DA:58,1
DA:59,1
DA:60,1
DA:61,1
DA:62,1
DA:63,2
DA:65,1
DA:66,2
DA:67,2
DA:68,2
DA:71,2
DA:72,2
DA:73,2
DA:74,2
DA:75,2
DA:76,2
DA:79,2
DA:80,2
DA:81,2
DA:82,2
DA:83,1
DA:84,2
DA:85,2
DA:88,1
DA:89,2
DA:91,1
DA:92,4
DA:93,4
DA:94,4
DA:95,4
DA:96,1
DA:97,2
DA:98,2
DA:99,2
DA:100,4
DA:101,3
DA:102,3
DA:103,4
DA:104,4
DA:106,1
DA:107,2
DA:108,1
DA:109,1
DA:110,1
DA:111,1
DA:112,1
DA:113,1
DA:114,1
DA:115,1
DA:116,2
DA:118,1
DA:119,1
DA:120,1
DA:121,1
DA:122,1
DA:123,1
DA:124,1
DA:125,1
DA:126,1
DA:127,1
DA:129,1
DA:130,1
DA:131,1
DA:132,1
DA:133,1
DA:134,1
DA:135,1
DA:136,1
DA:138,1
DA:139,1
DA:140,1
DA:141,1
DA:142,1
DA:143,1
DA:144,1
DA:145,1
DA:146,1
DA:147,1
DA:149,1
DA:150,1
DA:151,1
DA:152,1
DA:153,1
DA:154,1
DA:155,1
DA:156,1
DA:157,1
DA:159,1
DA:160,0
DA:161,0
DA:162,0
DA:163,0
DA:164,0
DA:165,0
DA:166,0
DA:167,1
DA:170,1
DA:171,0
DA:173,0
DA:174,0
DA:175,0
DA:177,0
DA:178,0
DA:179,0
DA:180,0
DA:181,0
DA:182,0
DA:183,0
DA:184,0
DA:185,0
DA:186,0
DA:187,0
DA:188,0
DA:189,0
DA:190,0
DA:191,0
DA:192,0
DA:193,0
DA:194,0
DA:195,0
DA:197,0
DA:198,0
LF:150
LH:118
BRDA:48,0,0,12
BRDA:50,1,0,2
BRDA:53,2,0,1
BRDA:57,3,0,1
BRDA:58,4,0,1
BRDA:59,5,0,0
BRDA:65,6,0,2
BRDA:79,7,0,0
BRDA:79,8,0,0
BRDA:85,9,0,1
BRDA:71,10,0,2
BRDA:72,11,0,2
BRDA:73,12,0,0
BRDA:80,13,0,2
BRDA:81,14,0,2
BRDA:82,15,0,1
BRDA:91,16,0,4
BRDA:95,17,0,1
BRDA:96,18,0,2
BRDA:97,19,0,1
BRDA:97,20,0,1
BRDA:98,21,0,1
BRDA:98,22,0,1
BRDA:98,23,0,1
BRDA:100,24,0,3
BRDA:106,25,0,2
BRDA:107,26,0,1
BRDA:110,27,0,1
BRDA:111,28,0,1
BRDA:112,29,0,0
BRDA:118,30,0,1
BRDA:120,31,0,1
BRDA:121,32,0,1
BRDA:122,33,0,0
BRDA:129,34,0,1
BRDA:130,35,0,1
BRDA:131,36,0,1
BRDA:132,37,0,0
BRDA:138,38,0,1
BRDA:139,39,0,0
BRDA:140,40,0,0
BRDA:149,41,0,0
BRDA:139,42,0,2
BRDA:139,43,0,0
BRDA:139,44,0,2
BRDA:149,45,0,1
BRDA:150,46,0,0
BRDA:152,47,0,0
BRDA:152,48,0,0
BRDA:152,49,0,0
BRDA:152,50,0,1
BRDA:152,51,0,2
BRF:52
BRH:37
end_of_record
TN:
SF:src/monitoring/app-metrics.ts
FN:155,collectSystemMetrics
FNF:1
FNH:1
FNDA:3,collectSystemMetrics
DA:1,1
DA:4,1
DA:5,1
DA:6,1
DA:7,1
DA:8,1
DA:10,1
DA:11,1
DA:12,1
DA:13,1
DA:14,1
DA:15,1
DA:18,1
DA:19,1
DA:20,1
DA:21,1
DA:22,1
DA:24,1
DA:25,1
DA:26,1
DA:27,1
DA:28,1
DA:30,1
DA:31,1
DA:32,1
DA:33,1
DA:34,1
DA:36,1
DA:37,1
DA:38,1
DA:39,1
DA:40,1
DA:43,1
DA:44,1
DA:45,1
DA:46,1
DA:47,1
DA:49,1
DA:50,1
DA:51,1
DA:52,1
DA:53,1
DA:55,1
DA:56,1
DA:57,1
DA:58,1
DA:59,1
DA:62,1
DA:63,1
DA:64,1
DA:65,1
DA:66,1
DA:68,1
DA:69,1
DA:70,1
DA:71,1
DA:72,1
DA:74,1
DA:75,1
DA:76,1
DA:77,1
DA:80,1
DA:81,1
DA:82,1
DA:83,1
DA:84,1
DA:86,1
DA:87,1
DA:88,1
DA:89,1
DA:91,1
DA:92,1
DA:93,1
DA:94,1
DA:95,1
DA:97,1
DA:98,1
DA:99,1
DA:100,1
DA:101,1
DA:102,1
DA:105,1
DA:106,1
DA:107,1
DA:108,1
DA:109,1
DA:111,1
DA:112,1
DA:113,1
DA:114,1
DA:115,1
DA:117,1
DA:118,1
DA:119,1
DA:120,1
DA:121,1
DA:124,1
DA:125,1
DA:126,1
DA:127,1
DA:128,1
DA:130,1
DA:131,1
DA:132,1
DA:133,1
DA:135,1
DA:136,1
DA:137,1
DA:138,1
DA:141,1
DA:142,1
DA:143,1
DA:144,1
DA:145,1
DA:148,1
DA:149,1
DA:150,1
DA:151,1
DA:152,1
DA:155,1
DA:156,3
DA:158,3
DA:159,3
DA:160,3
DA:162,3
DA:165,3
DA:166,3
DA:167,3
DA:168,3
DA:169,3
DA:172,1
DA:173,1
DA:176,1
DA:177,1
DA:178,1
DA:179,1
DA:180,1
DA:181,1
DA:182,1
DA:183,1
DA:184,1
DA:185,1
DA:186,1
DA:187,1
DA:188,1
DA:189,1
DA:190,1
DA:191,1
DA:192,1
DA:193,1
DA:194,1
DA:195,1
DA:196,1
DA:197,1
DA:198,1
DA:199,1
DA:200,1
DA:201,1
DA:202,1
DA:203,1
DA:204,1
DA:205,1
DA:206,1
DA:207,1
DA:208,1
DA:209,1
DA:210,1
DA:211,1
DA:212,1
DA:213,1
DA:214,1
DA:215,1
DA:216,1
DA:217,1
DA:218,1
DA:219,1
LF:176
LH:176
BRDA:155,0,0,3
BRF:1
BRH:1
end_of_record
TN:
SF:src/monitoring/metrics-dashboard.ts
FN:60,<instance_members_initializer>
FN:71,getCurrentMetrics
FN:99,getHistoricalMetrics
FN:113,getMetricsForRange
FN:160,getOverviewMetrics
FN:179,getAIMetrics
FN:213,getPerformanceMetrics
FN:234,getOperationsMetrics
FN:268,getRAGMetrics
FN:282,getCacheMetrics
FN:306,findMetric
FN:310,sumValues
FN:323,findValueByLabel
FN:333,getAverageFromHistogram
FN:340,getPercentilesFromHistogram
FN:348,calculateRequestsPerSecond
FNF:16
FNH:14
FNDA:1,<instance_members_initializer>
FNDA:1,getCurrentMetrics
FNDA:0,getHistoricalMetrics
FNDA:0,getMetricsForRange
FNDA:1,getOverviewMetrics
FNDA:1,getAIMetrics
FNDA:1,getPerformanceMetrics
FNDA:1,getOperationsMetrics
FNDA:1,getRAGMetrics
FNDA:1,getCacheMetrics
FNDA:20,findMetric
FNDA:15,sumValues
FNDA:2,findValueByLabel
FNDA:4,getAverageFromHistogram
FNDA:1,getPercentilesFromHistogram
FNDA:1,calculateRequestsPerSecond
DA:1,1
DA:60,1
DA:61,1
DA:64,1
DA:66,1
DA:71,1
DA:72,1
DA:73,1
DA:74,1
DA:75,1
DA:76,1
DA:77,1
DA:78,1
DA:79,1
DA:80,1
DA:83,1
DA:84,1
DA:85,1
DA:86,1
DA:89,1
DA:90,0
DA:91,0
DA:93,1
DA:94,1
DA:99,1
DA:100,0
DA:101,0
DA:102,0
DA:103,0
DA:104,0
DA:105,0
DA:106,0
DA:107,0
DA:108,0
DA:113,1
DA:121,0
DA:122,0
DA:123,0
DA:124,0
DA:125,0
DA:126,0
DA:127,0
DA:128,0
DA:130,0
DA:131,0
DA:133,0
DA:134,0
DA:137,0
DA:138,0
DA:139,0
DA:141,0
DA:142,0
DA:143,0
DA:144,0
DA:145,0
DA:146,0
DA:147,0
DA:148,0
DA:150,0
DA:151,0
DA:152,0
DA:153,0
DA:154,0
DA:155,0
DA:157,0
DA:158,0
DA:160,1
DA:161,1
DA:162,1
DA:163,1
DA:164,1
DA:166,1
DA:167,1
DA:168,1
DA:170,1
DA:171,1
DA:172,1
DA:173,1
DA:174,1
DA:175,1
DA:176,1
DA:177,1
DA:179,1
DA:180,1
DA:181,1
DA:182,1
DA:184,1
DA:185,1
DA:187,1
DA:188,1
DA:189,0
DA:190,0
DA:191,0
DA:192,0
DA:193,0
DA:195,1
DA:196,1
DA:197,1
DA:198,1
DA:199,1
DA:201,1
DA:202,1
DA:203,1
DA:204,1
DA:205,1
DA:206,1
DA:207,1
DA:208,1
DA:209,1
DA:210,1
DA:211,1
DA:213,1
DA:214,1
DA:215,1
DA:216,1
DA:218,1
DA:219,1
DA:221,1
DA:222,1
DA:223,1
DA:224,1
DA:225,1
DA:226,1
DA:227,1
DA:228,1
DA:229,1
DA:230,1
DA:231,1
DA:232,1
DA:234,1
DA:235,1
DA:236,1
DA:237,1
DA:239,1
DA:240,1
DA:241,0
DA:242,0
DA:243,0
DA:244,0
DA:245,0
DA:247,1
DA:248,1
DA:249,0
DA:250,0
DA:251,0
DA:252,0
DA:253,0
DA:255,1
DA:256,1
DA:257,1
DA:258,1
DA:259,1
DA:260,1
DA:261,1
DA:262,1
DA:263,1
DA:264,1
DA:265,1
DA:266,1
DA:268,1
DA:269,1
DA:270,1
DA:271,1
DA:272,1
DA:274,1
DA:275,1
DA:276,1
DA:277,1
DA:278,1
DA:279,1
DA:280,1
DA:282,1
DA:283,1
DA:284,1
DA:285,1
DA:287,1
DA:288,1
DA:289,1
DA:291,1
DA:292,1
DA:293,0
DA:294,0
DA:295,0
DA:296,0
DA:297,0
DA:299,1
DA:300,1
DA:301,1
DA:302,1
DA:303,1
DA:306,1
DA:307,20
DA:308,20
DA:310,1
DA:311,15
DA:313,0
DA:314,0
DA:315,0
DA:316,0
DA:317,0
DA:318,0
DA:319,0
DA:320,0
DA:321,15
DA:323,1
DA:324,2
DA:326,0
DA:327,0
DA:328,0
DA:330,2
DA:331,2
DA:333,1
DA:334,4
DA:336,0
DA:337,4
DA:338,4
DA:340,1
DA:341,1
DA:342,1
DA:343,1
DA:345,0
DA:346,1
DA:348,1
DA:349,1
DA:351,0
DA:352,0
DA:354,0
DA:355,0
DA:357,0
DA:358,0
DA:360,1
DA:361,1
DA:362,1
DA:365,1
LF:234
LH:153
BRDA:60,0,0,1
BRDA:71,1,0,1
BRDA:89,2,0,0
BRDA:160,3,0,1
BRDA:168,4,0,0
BRDA:171,5,0,0
BRDA:171,6,0,0
BRDA:175,7,0,0
BRDA:179,8,0,1
BRDA:188,9,0,0
BRDA:203,10,0,0
BRDA:213,11,0,1
BRDA:230,12,0,0
BRDA:230,13,0,0
BRDA:234,14,0,1
BRDA:240,15,0,0
BRDA:248,16,0,0
BRDA:268,17,0,1
BRDA:282,18,0,1
BRDA:292,19,0,0
BRDA:300,20,0,0
BRDA:306,21,0,20
BRDA:310,22,0,15
BRDA:311,23,0,0
BRDA:311,24,0,0
BRDA:323,25,0,2
BRDA:324,26,0,0
BRDA:324,27,0,0
BRDA:330,28,0,0
BRDA:333,29,0,4
BRDA:334,30,0,0
BRDA:334,31,0,0
BRDA:337,32,0,0
BRDA:337,33,0,0
BRDA:340,34,0,1
BRDA:341,35,0,0
BRDA:341,36,0,0
BRDA:343,37,0,0
BRDA:348,38,0,1
BRDA:349,39,0,0
BRDA:360,40,0,0
BRF:41
BRH:14
end_of_record
TN:
SF:src/monitoring/metrics-middleware.ts
FN:1,(empty-report)
FNF:1
FNH:0
FNDA:0,(empty-report)
DA:1,0
DA:13,0
DA:15,0
DA:18,0
DA:19,0
DA:20,0
DA:21,0
DA:22,0
DA:23,0
DA:25,0
DA:26,0
DA:29,0
DA:30,0
DA:31,0
DA:33,0
DA:34,0
DA:35,0
DA:38,0
DA:39,0
DA:40,0
DA:41,0
DA:42,0
DA:44,0
DA:45,0
DA:46,0
DA:47,0
DA:48,0
DA:49,0
DA:52,0
DA:53,0
DA:56,0
DA:57,0
DA:58,0
DA:60,0
DA:61,0
DA:62,0
DA:63,0
DA:64,0
DA:65,0
DA:66,0
DA:69,0
DA:70,0
DA:71,0
DA:72,0
DA:73,0
DA:74,0
DA:79,0
DA:81,0
DA:84,0
DA:85,0
DA:86,0
DA:87,0
DA:88,0
DA:89,0
DA:94,0
DA:95,0
DA:96,0
DA:98,0
DA:99,0
DA:101,0
DA:102,0
DA:103,0
DA:104,0
DA:105,0
DA:106,0
DA:107,0
DA:108,0
DA:109,0
DA:111,0
DA:112,0
DA:113,0
DA:118,0
DA:119,0
DA:120,0
DA:121,0
DA:122,0
DA:123,0
DA:125,0
DA:126,0
DA:127,0
DA:129,0
DA:130,0
DA:131,0
DA:132,0
DA:133,0
DA:135,0
DA:136,0
DA:137,0
DA:138,0
DA:140,0
DA:141,0
DA:142,0
DA:143,0
DA:144,0
DA:146,0
DA:147,0
DA:149,0
DA:150,0
DA:151,0
DA:152,0
DA:153,0
DA:155,0
DA:156,0
DA:157,0
DA:158,0
DA:160,0
DA:161,0
DA:162,0
DA:163,0
DA:164,0
DA:165,0
DA:166,0
DA:171,0
DA:172,0
DA:174,0
DA:175,0
DA:176,0
DA:178,0
DA:179,0
DA:180,0
DA:181,0
DA:183,0
DA:184,0
DA:186,0
DA:187,0
DA:189,0
DA:190,0
DA:191,0
DA:192,0
DA:194,0
DA:195,0
DA:196,0
DA:197,0
DA:202,0
DA:203,0
DA:205,0
DA:206,0
DA:207,0
DA:209,0
DA:210,0
DA:211,0
DA:213,0
DA:215,0
DA:216,0
DA:217,0
DA:218,0
DA:219,0
DA:220,0
DA:221,0
DA:222,0
DA:223,0
DA:224,0
DA:225,0
DA:230,0
DA:231,0
DA:233,0
DA:234,0
DA:235,0
DA:237,0
DA:238,0
DA:239,0
DA:240,0
DA:242,0
DA:243,0
DA:245,0
DA:246,0
DA:247,0
DA:248,0
DA:249,0
DA:254,0
DA:255,0
DA:256,0
DA:257,0
DA:258,0
DA:260,0
DA:261,0
DA:262,0
DA:264,0
DA:265,0
DA:266,0
DA:267,0
DA:268,0
DA:273,0
DA:274,0
DA:275,0
DA:276,0
DA:277,0
DA:278,0
LF:188
LH:0
BRDA:1,0,0,0
BRF:1
BRH:0
end_of_record
TN:
SF:src/monitoring/metrics-routes.ts
FN:6,registerMetricsRoutes
FN:325,registerDashboardRoute
FNF:2
FNH:2
FNDA:12,registerMetricsRoutes
FNDA:12,registerDashboardRoute
DA:1,1
DA:6,12
DA:8,12
DA:9,2
DA:10,2
DA:11,12
DA:14,12
DA:15,2
DA:17,2
DA:18,2
DA:19,1
DA:20,1
DA:21,1
DA:22,1
DA:23,1
DA:24,1
DA:25,2
DA:26,2
DA:27,2
DA:28,12
DA:31,12
DA:32,1
DA:34,1
DA:35,1
DA:36,1
DA:37,12
DA:40,12
DA:41,0
DA:43,0
DA:44,0
DA:45,0
DA:46,0
DA:47,12
DA:50,12
DA:51,0
DA:53,0
DA:54,0
DA:55,0
DA:56,0
DA:58,0
DA:59,12
DA:62,12
DA:63,1
DA:65,1
DA:66,1
DA:67,1
DA:68,1
DA:69,1
DA:70,1
DA:71,1
DA:72,1
DA:73,1
DA:74,1
DA:75,1
DA:76,1
DA:77,1
DA:78,1
DA:79,1
DA:82,1
DA:83,1
DA:85,1
DA:86,1
DA:87,12
DA:90,12
DA:92,0
DA:93,0
DA:94,12
DA:97,12
DA:98,4
DA:99,4
DA:100,4
DA:101,0
DA:102,0
DA:103,0
DA:104,4
DA:105,1
DA:107,1
DA:108,1
DA:109,4
DA:110,1
DA:111,1
DA:112,1
DA:113,3
DA:114,1
DA:115,1
DA:116,1
DA:117,1
DA:118,1
DA:119,1
DA:120,1
DA:121,12
DA:124,12
DA:125,1
DA:127,1
DA:128,1
DA:129,1
DA:130,1
DA:131,2
DA:132,2
DA:133,1
DA:134,1
DA:135,1
DA:136,1
DA:137,1
DA:138,12
DA:139,12
DA:142,1
DA:325,12
DA:326,12
DA:327,2
DA:328,2
DA:329,12
DA:330,12
LF:113
LH:97
BRDA:6,0,0,12
BRDA:8,1,0,2
BRDA:14,2,0,2
BRDA:18,3,0,1
BRDA:19,4,0,0
BRDA:25,5,0,0
BRDA:25,6,0,1
BRDA:19,7,0,2
BRDA:31,8,0,1
BRDA:62,9,0,1
BRDA:83,10,0,0
BRDA:85,11,0,0
BRDA:82,12,0,4
BRDA:97,13,0,4
BRDA:98,14,0,0
BRDA:100,15,0,0
BRDA:104,16,0,1
BRDA:109,17,0,3
BRDA:109,18,0,1
BRDA:113,19,0,2
BRDA:113,20,0,1
BRDA:124,21,0,1
BRDA:127,22,0,0
BRDA:130,23,0,2
BRDA:325,24,0,12
BRDA:326,25,0,2
BRF:26
BRH:19
end_of_record
TN:
SF:src/monitoring/metrics-system.ts
FN:41,<instance_members_initializer>
FN:46,Metric
FN:49,inc
FN:67,set
FN:81,dec
FN:89,setToCurrentTime
FN:97,observe
FN:110,startTimer
FN:122,getSnapshot
FN:175,on
FN:180,reset
FN:185,getLabelKey
FN:196,calculatePercentiles
FN:207,value
FN:218,values
FN:234,buckets
FN:244,percentiles
FN:256,quantiles
FN:260,sum
FN:268,count
FN:278,mean
FN:289,<instance_members_initializer>
FN:294,setDefaultLabels
FN:298,on
FN:302,register
FN:313,get
FN:317,counter
FN:326,gauge
FN:335,histogram
FN:345,summary
FN:359,getAllMetrics
FN:369,reset
FN:376,toPrometheus
FN:431,collect
FN:452,toJSON
FN:463,getMetricNames
FN:467,clear
FNF:37
FNH:34
FNDA:99,<instance_members_initializer>
FNDA:99,Metric
FNDA:20,inc
FNDA:24,set
FNDA:1,dec
FNDA:1,setToCurrentTime
FNDA:217,observe
FNDA:1,startTimer
FNDA:12,getSnapshot
FNDA:99,on
FNDA:0,reset
FNDA:293,getLabelKey
FNDA:8,calculatePercentiles
FNDA:8,value
FNDA:6,values
FNDA:2,buckets
FNDA:2,percentiles
FNDA:1,quantiles
FNDA:2,sum
FNDA:3,count
FNDA:2,mean
FNDA:25,<instance_members_initializer>
FNDA:0,setDefaultLabels
FNDA:2,on
FNDA:100,register
FNDA:1,get
FNDA:46,counter
FNDA:27,gauge
FNDA:24,histogram
FNDA:3,summary
FNDA:1,getAllMetrics
FNDA:0,reset
FNDA:1,toPrometheus
FNDA:2,collect
FNDA:1,toJSON
FNDA:2,getMetricNames
FNDA:1,clear
DA:1,1
DA:41,1
DA:42,99
DA:43,99
DA:44,99
DA:46,99
DA:49,99
DA:50,20
DA:51,20
DA:52,20
DA:53,0
DA:54,0
DA:55,20
DA:56,20
DA:57,20
DA:58,20
DA:59,20
DA:60,20
DA:61,20
DA:62,20
DA:63,20
DA:64,20
DA:67,99
DA:68,24
DA:69,0
DA:70,0
DA:72,24
DA:73,24
DA:75,24
DA:76,24
DA:77,24
DA:78,24
DA:81,99
DA:82,1
DA:83,0
DA:84,0
DA:85,1
DA:86,1
DA:87,1
DA:89,99
DA:90,1
DA:91,0
DA:92,0
DA:93,1
DA:94,1
DA:97,99
DA:98,217
DA:99,0
DA:100,0
DA:102,217
DA:103,217
DA:105,217
DA:106,217
DA:107,217
DA:110,99
DA:111,1
DA:113,1
DA:114,1
DA:115,1
DA:116,1
DA:117,1
DA:118,1
DA:119,1
DA:122,99
DA:123,12
DA:124,12
DA:125,12
DA:126,12
DA:127,12
DA:128,12
DA:130,12
DA:131,4
DA:132,5
DA:133,5
DA:134,5
DA:135,4
DA:136,12
DA:138,8
DA:140,8
DA:141,24
DA:142,24
DA:143,8
DA:144,8
DA:145,24
DA:146,24
DA:149,8
DA:150,8
DA:151,8
DA:152,8
DA:154,8
DA:155,8
DA:156,8
DA:157,8
DA:158,8
DA:160,8
DA:161,8
DA:162,8
DA:163,8
DA:164,8
DA:165,8
DA:166,8
DA:167,8
DA:168,8
DA:169,8
DA:171,12
DA:172,12
DA:175,99
DA:176,99
DA:177,99
DA:180,99
DA:181,0
DA:182,0
DA:183,0
DA:185,99
DA:186,293
DA:187,271
DA:188,271
DA:190,22
DA:191,22
DA:192,22
DA:193,22
DA:194,293
DA:196,99
DA:197,8
DA:198,8
DA:199,8
DA:200,32
DA:201,32
DA:202,32
DA:203,32
DA:204,8
DA:205,8
DA:207,99
DA:208,8
DA:209,8
DA:210,8
DA:211,8
DA:212,0
DA:213,0
DA:214,0
DA:215,1
DA:216,8
DA:218,99
DA:219,6
DA:220,4
DA:221,4
DA:222,4
DA:223,4
DA:225,2
DA:226,2
DA:227,6
DA:228,1
DA:229,1
DA:230,1
DA:231,2
DA:232,6
DA:234,99
DA:235,2
DA:236,2
DA:237,2
DA:238,2
DA:239,2
DA:240,2
DA:241,2
DA:242,2
DA:244,99
DA:245,2
DA:246,2
DA:247,2
DA:248,2
DA:249,6
DA:250,6
DA:251,6
DA:252,2
DA:253,2
DA:256,99
DA:257,1
DA:258,1
DA:260,99
DA:261,2
DA:262,2
DA:263,2
DA:264,2
DA:265,0
DA:266,2
DA:268,99
DA:269,3
DA:270,3
DA:271,3
DA:272,3
DA:273,0
DA:274,0
DA:275,0
DA:276,3
DA:278,99
DA:279,2
DA:280,2
DA:281,2
DA:282,2
DA:283,2
DA:284,2
DA:285,0
DA:286,2
DA:287,99
DA:289,1
DA:290,25
DA:291,25
DA:292,25
DA:294,25
DA:295,0
DA:296,0
DA:298,25
DA:299,2
DA:300,2
DA:302,25
DA:303,100
DA:304,1
DA:305,1
DA:306,99
DA:308,99
DA:309,99
DA:310,99
DA:311,100
DA:313,25
DA:314,1
DA:315,1
DA:317,25
DA:318,46
DA:319,46
DA:320,46
DA:321,46
DA:322,46
DA:323,46
DA:324,46
DA:326,25
DA:327,27
DA:328,27
DA:329,27
DA:330,27
DA:331,27
DA:332,27
DA:333,27
DA:335,25
DA:336,24
DA:337,24
DA:338,24
DA:339,24
DA:340,24
DA:341,24
DA:342,24
DA:343,24
DA:345,25
DA:346,3
DA:347,3
DA:348,3
DA:349,3
DA:350,3
DA:351,3
DA:352,3
DA:353,3
DA:354,1
DA:355,1
DA:356,3
DA:357,3
DA:359,25
DA:360,1
DA:362,1
DA:363,0
DA:364,0
DA:366,1
DA:367,1
DA:369,25
DA:370,0
DA:371,0
DA:372,0
DA:373,0
DA:376,25
DA:377,1
DA:379,1
DA:380,1
DA:383,1
DA:384,1
DA:387,1
DA:388,2
DA:389,2
DA:390,2
DA:391,2
DA:393,2
DA:394,2
DA:395,0
DA:397,2
DA:398,2
DA:401,1
DA:402,0
DA:404,0
DA:405,0
DA:406,0
DA:407,0
DA:408,0
DA:409,0
DA:412,0
DA:414,0
DA:417,0
DA:418,0
DA:419,0
DA:420,0
DA:421,0
DA:422,0
DA:423,0
DA:425,1
DA:426,1
DA:428,1
DA:429,1
DA:431,25
DA:432,2
DA:433,2
DA:434,3
DA:435,3
DA:436,3
DA:437,3
DA:438,3
DA:439,3
DA:440,3
DA:441,3
DA:442,1
DA:443,1
DA:444,1
DA:445,1
DA:446,1
DA:447,3
DA:448,3
DA:449,2
DA:450,2
DA:452,25
DA:453,1
DA:454,1
DA:455,1
DA:456,1
DA:457,1
DA:458,1
DA:459,1
DA:460,1
DA:461,1
DA:463,25
DA:464,2
DA:465,2
DA:467,25
DA:468,1
DA:469,1
DA:470,25
DA:473,1
LF:351
LH:305
BRDA:41,0,0,99
BRDA:46,1,0,99
BRDA:49,2,0,20
BRDA:52,3,0,19
BRDA:52,4,0,0
BRDA:55,5,0,11
BRDA:55,6,0,9
BRDA:56,7,0,7
BRDA:56,8,0,13
BRDA:56,9,0,12
BRDA:58,10,0,13
BRDA:63,11,0,9
BRDA:67,12,0,24
BRDA:68,13,0,0
BRDA:77,14,0,13
BRDA:81,15,0,1
BRDA:82,16,0,0
BRDA:85,17,0,0
BRDA:86,18,0,0
BRDA:89,19,0,1
BRDA:90,20,0,0
BRDA:97,21,0,217
BRDA:98,22,0,103
BRDA:98,23,0,0
BRDA:110,24,0,1
BRDA:113,25,0,1
BRDA:122,26,0,12
BRDA:130,27,0,10
BRDA:130,28,0,4
BRDA:136,29,0,8
BRDA:136,30,0,0
BRDA:140,31,0,24
BRDA:142,32,0,8
BRDA:131,33,0,5
BRDA:133,34,0,3
BRDA:134,35,0,0
BRDA:150,36,0,24
BRDA:150,37,0,16
BRDA:151,38,0,24
BRDA:175,39,0,99
BRDA:185,40,0,293
BRDA:186,41,0,22
BRDA:186,42,0,271
BRDA:188,43,0,22
BRDA:191,44,0,8
BRDA:192,45,0,30
BRDA:196,46,0,8
BRDA:199,47,0,32
BRDA:200,48,0,0
BRDA:202,49,0,0
BRDA:207,50,0,8
BRDA:210,51,0,7
BRDA:210,52,0,1
BRDA:211,53,0,0
BRDA:214,54,0,1
BRDA:218,55,0,6
BRDA:219,56,0,4
BRDA:219,57,0,4
BRDA:221,58,0,7
BRDA:223,59,0,2
BRDA:227,60,0,1
BRDA:227,61,0,1
BRDA:230,62,0,2
BRDA:229,63,0,3
BRDA:229,64,0,0
BRDA:231,65,0,4
BRDA:234,66,0,2
BRDA:235,67,0,0
BRDA:239,68,0,17
BRDA:236,69,0,15
BRDA:238,70,0,8
BRDA:239,71,0,58
BRDA:244,72,0,2
BRDA:247,73,0,0
BRDA:248,74,0,6
BRDA:250,75,0,0
BRDA:245,76,0,200
BRDA:245,77,0,198
BRDA:256,78,0,1
BRDA:260,79,0,2
BRDA:261,80,0,0
BRDA:263,81,0,0
BRDA:264,82,0,0
BRDA:268,83,0,3
BRDA:269,84,0,0
BRDA:271,85,0,0
BRDA:272,86,0,0
BRDA:278,87,0,2
BRDA:279,88,0,0
BRDA:281,89,0,0
BRDA:282,90,0,0
BRDA:283,91,0,0
BRDA:284,92,0,0
BRDA:289,93,0,25
BRDA:298,94,0,2
BRDA:302,95,0,100
BRDA:303,96,0,1
BRDA:305,97,0,99
BRDA:308,98,0,261
BRDA:313,99,0,1
BRDA:317,100,0,46
BRDA:326,101,0,27
BRDA:335,102,0,24
BRDA:341,103,0,17
BRDA:345,104,0,3
BRDA:351,105,0,0
BRDA:353,106,0,1
BRDA:353,107,0,1
BRDA:359,108,0,1
BRDA:362,109,0,0
BRDA:376,110,0,1
BRDA:387,111,0,2
BRDA:394,112,0,0
BRDA:401,113,0,0
BRDA:401,114,0,0
BRDA:390,115,0,2
BRDA:431,116,0,2
BRDA:433,117,0,3
BRDA:441,118,0,2
BRDA:441,119,0,1
BRDA:452,120,0,1
BRDA:463,121,0,2
BRDA:467,122,0,1
BRF:123
BRH:91
end_of_record
TN:
SF:src/monitoring/request-context.ts
FN:1,(empty-report)
FNF:1
FNH:0
FNDA:0,(empty-report)
DA:1,0
DA:18,0
DA:20,0
DA:21,0
DA:22,0
DA:24,0
DA:25,0
DA:26,0
DA:27,0
DA:28,0
DA:29,0
DA:30,0
DA:31,0
DA:32,0
DA:36,0
DA:37,0
DA:38,0
DA:41,0
DA:42,0
DA:43,0
DA:44,0
DA:46,0
DA:47,0
DA:48,0
DA:49,0
DA:50,0
DA:51,0
DA:52,0
DA:53,0
DA:54,0
DA:55,0
DA:56,0
DA:57,0
DA:58,0
DA:59,0
LF:35
LH:0
BRDA:1,0,0,0
BRF:1
BRH:0
end_of_record
TN:
SF:src/operations/advanced-operations.ts
FN:79,validate
FN:98,apply
FN:162,validate
FN:187,apply
FN:253,calculateCenterPosition
FN:271,validate
FN:289,apply
FN:316,mergeConsecutiveSets
FN:345,batchHttpRequests
FN:385,deduplicateNodes
FN:414,enableParallelExecution
FN:445,findIndependentBranch
FN:473,replaceNode
FN:500,extractSubworkflow
FN:520,optimizeBatches
FN:561,mergeSequentialNodes
FN:571,parallelizeIndependentNodes
FNF:17
FNH:5
FNDA:0,validate
FNDA:0,apply
FNDA:0,validate
FNDA:0,apply
FNDA:0,calculateCenterPosition
FNDA:0,validate
FNDA:0,apply
FNDA:0,mergeConsecutiveSets
FNDA:0,batchHttpRequests
FNDA:0,deduplicateNodes
FNDA:0,enableParallelExecution
FNDA:0,findIndependentBranch
FNDA:2,replaceNode
FNDA:2,extractSubworkflow
FNDA:2,optimizeBatches
FNDA:1,mergeSequentialNodes
FNDA:1,parallelizeIndependentNodes
DA:1,1
DA:5,1
DA:6,1
DA:7,1
DA:8,1
DA:9,1
DA:10,1
DA:11,1
DA:12,1
DA:13,1
DA:14,1
DA:15,1
DA:16,1
DA:21,1
DA:22,1
DA:23,1
DA:24,1
DA:25,1
DA:26,1
DA:27,1
DA:28,1
DA:33,1
DA:34,1
DA:35,1
DA:36,1
DA:37,1
DA:38,1
DA:43,1
DA:44,1
DA:45,1
DA:46,1
DA:47,1
DA:78,1
DA:79,1
DA:80,0
DA:83,0
DA:84,0
DA:85,0
DA:88,0
DA:89,0
DA:90,0
DA:92,0
DA:93,0
DA:94,0
DA:95,0
DA:96,0
DA:98,1
DA:99,0
DA:100,0
DA:101,0
DA:102,0
DA:103,0
DA:104,0
DA:105,0
DA:106,0
DA:108,0
DA:111,0
DA:112,0
DA:113,0
DA:114,0
DA:115,0
DA:116,0
DA:117,0
DA:120,0
DA:121,0
DA:122,0
DA:123,0
DA:124,0
DA:125,0
DA:126,0
DA:129,0
DA:130,0
DA:131,0
DA:133,0
DA:134,0
DA:135,0
DA:136,0
DA:137,0
DA:138,0
DA:141,0
DA:142,0
DA:143,0
DA:145,0
DA:146,0
DA:147,0
DA:148,0
DA:149,0
DA:150,0
DA:151,0
DA:153,0
DA:154,0
DA:155,0
DA:156,0
DA:157,0
DA:158,1
DA:161,1
DA:162,1
DA:163,0
DA:166,0
DA:167,0
DA:168,0
DA:169,0
DA:170,0
DA:173,0
DA:174,0
DA:175,0
DA:177,0
DA:178,0
DA:179,0
DA:181,0
DA:182,0
DA:183,0
DA:184,0
DA:185,0
DA:187,1
DA:188,0
DA:189,0
DA:190,0
DA:193,0
DA:194,0
DA:195,0
DA:196,0
DA:197,0
DA:198,0
DA:201,0
DA:202,0
DA:203,0
DA:204,0
DA:205,0
DA:208,0
DA:209,0
DA:210,0
DA:211,0
DA:212,0
DA:213,0
DA:215,0
DA:216,0
DA:217,0
DA:218,0
DA:219,0
DA:220,0
DA:223,0
DA:224,0
DA:225,0
DA:226,0
DA:227,0
DA:228,0
DA:229,0
DA:230,0
DA:231,0
DA:232,0
DA:234,0
DA:235,0
DA:236,0
DA:237,0
DA:238,0
DA:241,0
DA:242,0
DA:243,0
DA:244,0
DA:246,0
DA:247,0
DA:248,0
DA:249,0
DA:250,0
DA:251,0
DA:253,1
DA:254,0
DA:256,0
DA:257,0
DA:258,0
DA:259,0
DA:260,0
DA:262,0
DA:263,0
DA:264,0
DA:265,0
DA:266,0
DA:267,1
DA:270,1
DA:271,1
DA:272,0
DA:275,0
DA:276,0
DA:277,0
DA:278,0
DA:279,0
DA:280,0
DA:281,0
DA:283,0
DA:284,0
DA:285,0
DA:286,0
DA:287,0
DA:289,1
DA:290,0
DA:292,0
DA:293,0
DA:294,0
DA:295,0
DA:297,0
DA:298,0
DA:299,0
DA:301,0
DA:302,0
DA:303,0
DA:305,0
DA:306,0
DA:307,0
DA:308,0
DA:310,0
DA:311,0
DA:312,0
DA:313,0
DA:314,0
DA:316,1
DA:317,0
DA:318,0
DA:321,0
DA:322,0
DA:323,0
DA:325,0
DA:326,0
DA:327,0
DA:330,0
DA:331,0
DA:332,0
DA:333,0
DA:334,0
DA:335,0
DA:336,0
DA:337,0
DA:338,0
DA:339,0
DA:340,0
DA:342,0
DA:343,0
DA:345,1
DA:346,0
DA:347,0
DA:350,0
DA:351,0
DA:352,0
DA:353,0
DA:354,0
DA:355,0
DA:358,0
DA:359,0
DA:360,0
DA:361,0
DA:362,0
DA:363,0
DA:364,0
DA:365,0
DA:366,0
DA:367,0
DA:368,0
DA:371,0
DA:372,0
DA:373,0
DA:374,0
DA:375,0
DA:376,0
DA:377,0
DA:378,0
DA:379,0
DA:380,0
DA:382,0
DA:383,0
DA:385,1
DA:386,0
DA:387,0
DA:390,0
DA:391,0
DA:392,0
DA:393,0
DA:394,0
DA:395,0
DA:396,0
DA:397,0
DA:398,0
DA:401,0
DA:402,0
DA:403,0
DA:404,0
DA:405,0
DA:406,0
DA:407,0
DA:408,0
DA:409,0
DA:411,0
DA:412,0
DA:414,1
DA:415,0
DA:418,0
DA:419,0
DA:421,0
DA:422,0
DA:423,0
DA:424,0
DA:425,0
DA:426,0
DA:427,0
DA:428,0
DA:431,0
DA:432,0
DA:433,0
DA:434,0
DA:435,0
DA:436,0
DA:437,0
DA:438,0
DA:439,0
DA:440,0
DA:442,0
DA:443,0
DA:445,1
DA:446,0
DA:447,0
DA:448,0
DA:449,0
DA:450,0
DA:451,0
DA:453,0
DA:454,0
DA:455,0
DA:457,0
DA:458,0
DA:461,0
DA:462,0
DA:463,0
DA:464,0
DA:465,0
DA:466,0
DA:467,0
DA:469,0
DA:470,0
DA:471,1
DA:473,1
DA:475,2
DA:476,2
DA:477,2
DA:478,3
DA:479,3
DA:480,4
DA:481,4
DA:482,4
DA:483,4
DA:484,3
DA:485,3
DA:487,2
DA:488,2
DA:489,2
DA:491,2
DA:492,1
DA:493,1
DA:494,2
DA:495,3
DA:496,3
DA:497,2
DA:498,2
DA:500,1
DA:501,2
DA:502,2
DA:503,2
DA:505,2
DA:506,2
DA:507,2
DA:508,2
DA:509,7
DA:510,7
DA:511,7
DA:512,2
DA:513,2
DA:514,2
DA:515,2
DA:516,2
DA:517,2
DA:518,2
DA:520,1
DA:521,2
DA:522,2
DA:523,2
DA:524,2
DA:525,4
DA:526,4
DA:527,3
DA:529,3
DA:530,3
DA:531,3
DA:532,4
DA:533,4
DA:534,4
DA:535,3
DA:537,1
DA:538,1
DA:539,1
DA:540,1
DA:541,3
DA:543,1
DA:544,1
DA:545,1
DA:546,1
DA:547,1
DA:548,1
DA:549,1
DA:550,1
DA:551,1
DA:552,1
DA:553,3
DA:555,1
DA:556,1
DA:557,1
DA:558,2
DA:559,2
DA:561,1
DA:562,1
DA:563,1
DA:564,1
DA:565,1
DA:566,1
DA:567,1
DA:568,1
DA:569,1
DA:571,1
DA:572,1
DA:574,1
DA:575,1
DA:576,1
DA:577,1
DA:578,1
DA:579,1
DA:580,1
DA:581,1
DA:582,1
DA:583,1
LF:436
LH:148
BRDA:473,0,0,2
BRDA:477,1,0,0
BRDA:477,2,0,3
BRDA:478,3,0,0
BRDA:491,4,0,1
BRDA:494,5,0,3
BRDA:479,6,0,4
BRDA:480,7,0,4
BRDA:481,8,0,1
BRDA:482,9,0,3
BRDA:482,10,0,0
BRDA:500,11,0,2
BRDA:502,12,0,4
BRDA:508,13,0,0
BRDA:508,14,0,7
BRDA:509,15,0,0
BRDA:510,16,0,3
BRDA:513,17,0,0
BRDA:514,18,0,0
BRDA:510,19,0,7
BRDA:510,20,0,7
BRDA:520,21,0,2
BRDA:524,22,0,4
BRDA:526,23,0,3
BRDA:531,24,0,6
BRDA:531,25,0,4
BRDA:531,26,0,4
BRDA:535,27,0,1
BRDA:537,28,0,0
BRDA:537,29,0,0
BRDA:541,30,0,2
BRDA:541,31,0,1
BRDA:553,32,0,1
BRDA:558,33,0,0
BRDA:544,34,0,3
BRDA:544,35,0,0
BRDA:544,36,0,0
BRDA:561,37,0,1
BRDA:563,38,0,0
BRDA:565,39,0,3
BRDA:571,40,0,1
BRDA:574,41,0,0
BRDA:576,42,0,0
BRDA:574,43,0,1
BRDA:576,44,0,4
BRDA:576,45,0,2
BRF:46
BRH:31
end_of_record
TN:
SF:src/pagination/pagination-middleware.ts
FN:1,(empty-report)
FNF:1
FNH:0
FNDA:0,(empty-report)
DA:1,0
DA:11,0
DA:13,0
DA:16,0
DA:17,0
DA:19,0
DA:20,0
DA:21,0
DA:22,0
DA:23,0
DA:24,0
DA:25,0
DA:26,0
DA:28,0
DA:29,0
DA:32,0
DA:34,0
DA:35,0
DA:36,0
DA:37,0
DA:38,0
DA:39,0
DA:40,0
DA:42,0
DA:43,0
DA:44,0
DA:45,0
DA:46,0
DA:47,0
DA:50,0
DA:51,0
DA:52,0
DA:53,0
DA:55,0
DA:56,0
DA:57,0
DA:58,0
DA:59,0
DA:60,0
DA:62,0
DA:63,0
DA:64,0
DA:69,0
DA:72,0
DA:73,0
DA:74,0
DA:76,0
DA:77,0
DA:78,0
DA:80,0
DA:81,0
DA:82,0
DA:83,0
DA:84,0
DA:85,0
DA:86,0
DA:87,0
DA:89,0
DA:90,0
DA:91,0
DA:93,0
DA:94,0
DA:95,0
DA:96,0
DA:97,0
DA:102,0
DA:103,0
DA:104,0
DA:105,0
DA:106,0
DA:107,0
DA:108,0
DA:113,0
DA:114,0
DA:119,0
DA:120,0
DA:121,0
DA:124,0
DA:125,0
DA:126,0
DA:127,0
DA:128,0
DA:129,0
DA:130,0
DA:132,0
DA:133,0
DA:134,0
DA:135,0
DA:136,0
DA:137,0
DA:138,0
DA:139,0
DA:144,0
DA:145,0
DA:146,0
DA:147,0
DA:152,0
DA:153,0
DA:154,0
DA:155,0
DA:157,0
DA:158,0
DA:159,0
DA:160,0
DA:161,0
DA:162,0
DA:164,0
DA:166,0
DA:167,0
DA:168,0
DA:169,0
DA:170,0
DA:173,0
DA:174,0
DA:175,0
DA:176,0
DA:177,0
DA:178,0
DA:179,0
DA:180,0
DA:185,0
DA:186,0
DA:187,0
DA:188,0
DA:189,0
DA:194,0
DA:195,0
DA:196,0
DA:197,0
DA:202,0
DA:203,0
DA:205,0
DA:206,0
DA:207,0
DA:208,0
DA:210,0
DA:211,0
DA:212,0
DA:213,0
DA:215,0
DA:217,0
DA:221,0
DA:224,0
DA:225,0
DA:226,0
DA:229,0
DA:230,0
DA:231,0
DA:233,0
DA:234,0
DA:235,0
DA:240,0
DA:241,0
DA:242,0
DA:243,0
DA:244,0
DA:249,0
DA:250,0
DA:251,0
DA:256,0
DA:257,0
DA:258,0
DA:259,0
DA:260,0
DA:263,0
DA:264,0
DA:266,0
DA:267,0
DA:268,0
DA:269,0
DA:271,0
DA:272,0
DA:273,0
DA:275,0
DA:276,0
DA:277,0
DA:278,0
DA:280,0
DA:283,0
DA:284,0
DA:285,0
DA:286,0
DA:287,0
DA:288,0
DA:289,0
DA:290,0
DA:293,0
DA:295,0
DA:296,0
DA:297,0
LF:190
LH:0
BRDA:1,0,0,0
BRF:1
BRH:0
end_of_record
TN:
SF:src/pagination/pagination-system.ts
FN:39,<static_initializer>
FN:46,normalizeOptions
FN:65,calculateOffset
FN:72,createMeta
FN:98,createLinks
FN:114,buildUrl
FN:148,encodeCursor
FN:155,decodeCursor
FN:167,createResponse
FN:200,ArrayPaginator
FN:206,paginate
FN:272,applyFilters
FN:296,sortItems
FN:308,applyCursorPagination
FNF:14
FNH:14
FNDA:1,<static_initializer>
FNDA:32,normalizeOptions
FNDA:16,calculateOffset
FNDA:16,createMeta
FNDA:15,createLinks
FNDA:61,buildUrl
FNDA:14,encodeCursor
FNDA:4,decodeCursor
FNDA:14,createResponse
FNDA:1,ArrayPaginator
FNDA:14,paginate
FNDA:6,applyFilters
FNDA:14,sortItems
FNDA:2,applyCursorPagination
DA:39,1
DA:40,1
DA:41,1
DA:46,1
DA:47,32
DA:48,32
DA:49,32
DA:50,32
DA:52,32
DA:53,32
DA:54,32
DA:55,32
DA:56,32
DA:57,32
DA:58,32
DA:59,32
DA:60,32
DA:65,1
DA:66,16
DA:67,16
DA:72,1
DA:80,16
DA:81,16
DA:83,16
DA:84,16
DA:85,16
DA:86,16
DA:87,16
DA:88,16
DA:89,16
DA:90,16
DA:91,16
DA:92,16
DA:93,16
DA:98,1
DA:99,15
DA:101,15
DA:102,6
DA:103,6
DA:104,15
DA:105,14
DA:106,14
DA:107,15
DA:108,1
DA:109,1
DA:110,15
DA:111,6
DA:112,6
DA:114,15
DA:115,61
DA:116,61
DA:117,61
DA:118,61
DA:119,61
DA:121,15
DA:122,15
DA:123,15
DA:125,15
DA:126,15
DA:127,15
DA:128,15
DA:130,15
DA:131,12
DA:132,10
DA:133,2
DA:134,12
DA:136,15
DA:137,4
DA:138,3
DA:139,1
DA:140,4
DA:142,15
DA:143,15
DA:148,1
DA:149,14
DA:150,14
DA:155,1
DA:156,4
DA:157,4
DA:158,4
DA:159,4
DA:160,2
DA:161,2
DA:162,4
DA:167,1
DA:168,14
DA:169,14
DA:170,14
DA:171,14
DA:172,14
DA:173,14
DA:174,14
DA:175,14
DA:177,14
DA:178,14
DA:179,14
DA:180,14
DA:181,14
DA:182,14
DA:183,14
DA:184,14
DA:186,14
DA:188,14
DA:189,14
DA:190,14
DA:191,14
DA:192,14
DA:193,14
DA:194,1
DA:199,1
DA:200,1
DA:201,1
DA:202,1
DA:203,1
DA:204,1
DA:206,1
DA:207,14
DA:210,14
DA:211,14
DA:212,6
DA:213,6
DA:216,14
DA:219,14
DA:220,14
DA:221,14
DA:223,14
DA:224,2
DA:225,2
DA:226,2
DA:227,2
DA:228,14
DA:230,12
DA:231,12
DA:232,12
DA:233,1
DA:234,1
DA:235,12
DA:236,12
DA:239,12
DA:240,9
DA:241,9
DA:242,9
DA:243,9
DA:244,9
DA:245,9
DA:246,9
DA:247,9
DA:248,9
DA:250,12
DA:251,2
DA:252,2
DA:253,2
DA:254,2
DA:255,2
DA:256,2
DA:257,2
DA:258,2
DA:259,2
DA:260,12
DA:262,14
DA:263,14
DA:264,14
DA:265,14
DA:266,14
DA:267,14
DA:268,14
DA:269,14
DA:270,14
DA:272,1
DA:273,6
DA:274,600
DA:275,634
DA:278,634
DA:279,334
DA:280,100
DA:281,100
DA:282,334
DA:283,334
DA:284,334
DA:285,334
DA:286,334
DA:287,334
DA:288,634
DA:289,300
DA:290,300
DA:291,634
DA:292,200
DA:293,6
DA:294,6
DA:296,1
DA:297,14
DA:298,986
DA:299,986
DA:301,986
DA:303,986
DA:304,986
DA:305,14
DA:306,14
DA:308,1
DA:309,2
DA:310,2
DA:311,2
DA:312,2
DA:313,2
DA:314,2
DA:315,2
DA:316,1
DA:317,1
DA:320,1
DA:321,2
DA:323,0
DA:324,0
DA:327,1
DA:328,1
DA:329,1
DA:332,1
DA:333,1
DA:334,1
DA:335,1
DA:336,1
DA:337,1
DA:338,1
DA:339,1
DA:340,1
DA:343,1
DA:344,1
DA:345,1
DA:346,1
DA:347,1
DA:348,1
DA:349,1
DA:350,1
DA:351,1
DA:353,1
DA:354,2
DA:355,1
LF:236
LH:234
BRDA:39,0,0,1
BRDA:46,1,0,32
BRDA:47,2,0,26
BRDA:48,3,0,18
BRDA:49,4,0,25
BRDA:50,5,0,25
BRDA:65,6,0,16
BRDA:72,7,0,16
BRDA:88,8,0,4
BRDA:89,9,0,13
BRDA:98,10,0,15
BRDA:101,11,0,6
BRDA:104,12,0,14
BRDA:107,13,0,14
BRDA:107,14,0,1
BRDA:110,15,0,6
BRDA:130,16,0,12
BRDA:131,17,0,10
BRDA:132,18,0,2
BRDA:136,19,0,4
BRDA:137,20,0,3
BRDA:138,21,0,1
BRDA:114,22,0,61
BRDA:116,23,0,48
BRDA:117,24,0,13
BRDA:148,25,0,14
BRDA:155,26,0,4
BRDA:159,27,0,2
BRDA:167,28,0,14
BRDA:200,29,0,1
BRDA:206,30,0,14
BRDA:211,31,0,6
BRDA:223,32,0,2
BRDA:228,33,0,12
BRDA:231,34,0,0
BRDA:232,35,0,1
BRDA:239,36,0,9
BRDA:250,37,0,2
BRDA:272,38,0,6
BRDA:273,39,0,600
BRDA:274,40,0,634
BRDA:278,41,0,334
BRDA:278,42,0,334
BRDA:279,43,0,100
BRDA:279,44,0,100
BRDA:280,45,0,33
BRDA:281,46,0,301
BRDA:282,47,0,100
BRDA:282,48,0,51
BRDA:282,49,0,250
BRDA:283,50,0,0
BRDA:283,51,0,0
BRDA:283,52,0,250
BRDA:284,53,0,34
BRDA:284,54,0,24
BRDA:284,55,0,226
BRDA:285,56,0,0
BRDA:285,57,0,0
BRDA:285,58,0,226
BRDA:286,59,0,0
BRDA:286,60,0,0
BRDA:286,61,0,226
BRDA:287,62,0,100
BRDA:287,63,0,94
BRDA:288,64,0,300
BRDA:289,65,0,198
BRDA:291,66,0,200
BRDA:296,67,0,14
BRDA:297,68,0,986
BRDA:301,69,0,0
BRDA:303,70,0,755
BRDA:303,71,0,231
BRDA:304,72,0,99
BRDA:304,73,0,887
BRDA:308,74,0,2
BRDA:315,75,0,1
BRDA:321,76,0,0
BRDA:324,77,0,1
BRDA:320,78,0,11
BRF:79
BRH:70
end_of_record
TN:
SF:src/pagination/workflow-paginator.ts
FN:1,(empty-report)
FNF:1
FNH:0
FNDA:0,(empty-report)
DA:1,0
DA:43,0
DA:44,0
DA:46,0
DA:47,0
DA:48,0
DA:49,0
DA:50,0
DA:51,0
DA:52,0
DA:57,0
DA:58,0
DA:59,0
DA:64,0
DA:65,0
DA:66,0
DA:67,0
DA:68,0
DA:69,0
DA:70,0
DA:71,0
DA:72,0
DA:77,0
DA:78,0
DA:79,0
DA:80,0
DA:81,0
DA:82,0
DA:83,0
DA:84,0
DA:85,0
DA:86,0
DA:87,0
DA:88,0
DA:89,0
DA:94,0
DA:95,0
DA:96,0
DA:97,0
DA:98,0
DA:99,0
DA:100,0
DA:101,0
DA:102,0
DA:103,0
DA:104,0
DA:105,0
DA:106,0
DA:107,0
DA:108,0
DA:109,0
DA:114,0
DA:115,0
DA:117,0
DA:118,0
DA:119,0
DA:120,0
DA:121,0
DA:122,0
DA:123,0
DA:128,0
DA:129,0
DA:130,0
DA:135,0
DA:136,0
DA:137,0
DA:138,0
DA:139,0
DA:140,0
DA:141,0
DA:142,0
DA:143,0
DA:144,0
DA:145,0
DA:146,0
DA:151,0
DA:152,0
DA:154,0
DA:155,0
DA:156,0
DA:157,0
DA:158,0
DA:159,0
DA:160,0
DA:165,0
DA:166,0
DA:167,0
DA:172,0
DA:173,0
DA:174,0
DA:175,0
DA:176,0
DA:177,0
DA:178,0
DA:179,0
DA:180,0
DA:181,0
DA:182,0
DA:183,0
DA:188,0
DA:189,0
DA:190,0
DA:191,0
DA:192,0
DA:193,0
DA:194,0
DA:195,0
DA:196,0
DA:197,0
DA:198,0
DA:199,0
DA:200,0
DA:205,0
DA:206,0
DA:207,0
DA:212,0
DA:213,0
DA:214,0
DA:215,0
DA:216,0
DA:217,0
DA:218,0
DA:220,0
DA:221,0
DA:222,0
DA:223,0
DA:226,0
DA:227,0
DA:228,0
DA:229,0
DA:231,0
DA:232,0
DA:237,0
DA:238,0
DA:239,0
DA:243,0
DA:244,0
DA:245,0
DA:247,0
DA:248,0
DA:250,0
DA:251,0
DA:252,0
DA:253,0
DA:254,0
DA:256,0
DA:257,0
DA:258,0
DA:259,0
DA:264,0
DA:265,0
DA:266,0
DA:267,0
DA:276,0
DA:277,0
DA:278,0
DA:279,0
DA:280,0
DA:281,0
DA:282,0
DA:283,0
DA:285,0
DA:286,0
DA:288,0
DA:289,0
DA:290,0
DA:291,0
DA:293,0
DA:294,0
DA:295,0
DA:296,0
DA:297,0
DA:298,0
DA:299,0
DA:300,0
DA:301,0
DA:302,0
DA:303,0
DA:305,0
DA:306,0
DA:307,0
DA:308,0
DA:309,0
DA:311,0
DA:312,0
DA:317,0
DA:318,0
DA:319,0
DA:324,0
DA:325,0
DA:328,0
DA:329,0
DA:330,0
DA:333,0
DA:334,0
DA:335,0
DA:336,0
DA:337,0
DA:338,0
DA:339,0
DA:340,0
DA:343,0
DA:344,0
DA:345,0
DA:346,0
DA:347,0
DA:348,0
DA:349,0
DA:350,0
DA:352,0
DA:353,0
DA:356,0
DA:358,0
DA:359,0
DA:360,0
DA:362,0
DA:363,0
DA:364,0
DA:365,0
DA:366,0
DA:368,0
DA:369,0
DA:370,0
DA:372,0
DA:374,0
DA:375,0
DA:377,0
DA:379,0
DA:380,0
DA:382,0
DA:384,0
DA:385,0
DA:386,0
LF:233
LH:0
BRDA:1,0,0,0
BRF:1
BRH:0
end_of_record
TN:
SF:src/policies/default-policies.ts
FN:142,getDefaultPolicies
FN:157,mergePolicies
FNF:2
FNH:1
FNDA:13,getDefaultPolicies
FNDA:0,mergePolicies
DA:4,1
DA:5,1
DA:6,1
DA:7,1
DA:8,1
DA:9,1
DA:10,1
DA:11,1
DA:12,1
DA:13,1
DA:14,1
DA:15,1
DA:16,1
DA:17,1
DA:18,1
DA:19,1
DA:21,1
DA:22,1
DA:23,1
DA:24,1
DA:25,1
DA:27,1
DA:28,1
DA:29,1
DA:30,1
DA:31,1
DA:32,1
DA:33,1
DA:34,1
DA:35,1
DA:38,1
DA:39,1
DA:40,1
DA:41,1
DA:44,1
DA:45,1
DA:46,1
DA:49,1
DA:50,1
DA:51,1
DA:52,1
DA:55,1
DA:56,1
DA:57,1
DA:58,1
DA:61,1
DA:62,1
DA:63,1
DA:64,1
DA:65,1
DA:66,1
DA:67,1
DA:68,1
DA:69,1
DA:70,1
DA:71,1
DA:72,1
DA:73,1
DA:74,1
DA:75,1
DA:76,1
DA:77,1
DA:78,1
DA:79,1
DA:80,1
DA:81,1
DA:82,1
DA:83,1
DA:84,1
DA:85,1
DA:86,1
DA:87,1
DA:88,1
DA:89,1
DA:90,1
DA:91,1
DA:92,1
DA:93,1
DA:94,1
DA:95,1
DA:96,1
DA:97,1
DA:98,1
DA:99,1
DA:100,1
DA:101,1
DA:102,1
DA:103,1
DA:104,1
DA:105,1
DA:106,1
DA:107,1
DA:108,1
DA:109,1
DA:110,1
DA:111,1
DA:112,1
DA:113,1
DA:114,1
DA:115,1
DA:116,1
DA:117,1
DA:118,1
DA:119,1
DA:120,1
DA:121,1
DA:122,1
DA:124,1
DA:125,1
DA:126,1
DA:127,1
DA:128,1
DA:129,1
DA:130,1
DA:131,1
DA:132,1
DA:133,1
DA:134,1
DA:135,1
DA:136,1
DA:137,1
DA:138,1
DA:139,1
DA:142,1
DA:143,13
DA:145,13
DA:146,13
DA:147,0
DA:148,13
DA:149,13
DA:150,13
DA:151,13
DA:152,0
DA:153,13
DA:154,13
DA:157,1
DA:158,0
DA:160,0
DA:161,0
DA:162,0
DA:163,0
DA:164,0
DA:165,0
DA:166,0
DA:167,0
DA:169,0
DA:170,0
LF:147
LH:134
BRDA:142,0,0,13
BRDA:143,1,0,0
BRDA:143,2,0,0
BRDA:146,3,0,0
BRDA:150,4,0,0
BRDA:151,5,0,0
BRF:6
BRH:1
end_of_record
TN:
SF:src/policies/diff-policies.ts
FN:6,PolicyViolationError
FN:89,NodeWhitelistPolicy
FN:91,check
FN:112,OperationLimitPolicy
FN:114,check
FN:150,NodeTypeLimitPolicy
FN:152,check
FN:189,ParameterPolicy
FN:191,check
FN:208,getNodeType
FN:213,checkRule
FN:254,CostLimitPolicy
FN:256,check
FN:276,WorkflowComplexityPolicy
FN:278,check
FN:315,<instance_members_initializer>
FN:318,DiffPolicyManager
FN:324,createPolicy
FN:343,checkBatch
FN:349,checkBatchAsync
FNF:20
FNH:9
FNDA:0,PolicyViolationError
FNDA:13,NodeWhitelistPolicy
FNDA:0,check
FNDA:26,OperationLimitPolicy
FNDA:0,check
FNDA:13,NodeTypeLimitPolicy
FNDA:0,check
FNDA:13,ParameterPolicy
FNDA:0,check
FNDA:0,getNodeType
FNDA:0,checkRule
FNDA:26,CostLimitPolicy
FNDA:0,check
FNDA:13,WorkflowComplexityPolicy
FNDA:0,check
FNDA:13,<instance_members_initializer>
FNDA:13,DiffPolicyManager
FNDA:104,createPolicy
FNDA:0,checkBatch
FNDA:0,checkBatchAsync
DA:1,1
DA:5,1
DA:6,1
DA:7,0
DA:8,0
DA:9,0
DA:10,0
DA:11,0
DA:12,0
DA:13,0
DA:14,1
DA:17,1
DA:18,1
DA:19,1
DA:20,1
DA:21,1
DA:22,1
DA:24,1
DA:25,1
DA:26,1
DA:27,1
DA:28,1
DA:29,1
DA:30,1
DA:32,1
DA:33,1
DA:34,1
DA:35,1
DA:36,1
DA:38,1
DA:39,1
DA:40,1
DA:41,1
DA:42,1
DA:43,1
DA:44,1
DA:45,1
DA:46,1
DA:47,1
DA:48,1
DA:50,1
DA:51,1
DA:52,1
DA:53,1
DA:54,1
DA:55,1
DA:57,1
DA:58,1
DA:59,1
DA:60,1
DA:61,1
DA:62,1
DA:63,1
DA:65,1
DA:66,1
DA:67,1
DA:68,1
DA:69,1
DA:70,1
DA:71,1
DA:72,1
DA:88,1
DA:89,1
DA:91,1
DA:92,0
DA:94,0
DA:95,0
DA:96,0
DA:97,0
DA:98,0
DA:99,0
DA:100,0
DA:101,0
DA:102,0
DA:103,0
DA:104,0
DA:105,0
DA:106,0
DA:107,0
DA:108,0
DA:109,1
DA:111,1
DA:112,1
DA:114,1
DA:115,0
DA:117,0
DA:118,0
DA:119,0
DA:120,0
DA:121,0
DA:122,0
DA:123,0
DA:125,0
DA:126,0
DA:127,0
DA:128,0
DA:129,0
DA:130,0
DA:131,0
DA:132,0
DA:133,0
DA:134,0
DA:136,0
DA:137,0
DA:138,0
DA:139,0
DA:140,0
DA:141,0
DA:142,0
DA:143,0
DA:144,0
DA:145,0
DA:146,0
DA:147,1
DA:149,1
DA:150,1
DA:152,1
DA:153,0
DA:156,0
DA:157,0
DA:158,0
DA:159,0
DA:160,0
DA:161,0
DA:164,0
DA:165,0
DA:166,0
DA:167,0
DA:168,0
DA:169,0
DA:172,0
DA:173,0
DA:174,0
DA:175,0
DA:177,0
DA:178,0
DA:179,0
DA:180,0
DA:181,0
DA:182,0
DA:183,0
DA:184,0
DA:185,0
DA:186,1
DA:188,1
DA:189,1
DA:191,1
DA:192,0
DA:194,0
DA:195,0
DA:196,0
DA:197,0
DA:199,0
DA:200,0
DA:201,0
DA:202,0
DA:203,0
DA:204,0
DA:205,0
DA:206,0
DA:208,1
DA:210,0
DA:211,0
DA:213,1
DA:214,0
DA:216,0
DA:217,0
DA:218,0
DA:219,0
DA:220,0
DA:221,0
DA:222,0
DA:223,0
DA:224,0
DA:225,0
DA:227,0
DA:228,0
DA:229,0
DA:230,0
DA:231,0
DA:232,0
DA:233,0
DA:234,0
DA:235,0
DA:237,0
DA:238,0
DA:239,0
DA:240,0
DA:241,0
DA:242,0
DA:243,0
DA:244,0
DA:245,0
DA:246,0
DA:247,0
DA:248,0
DA:249,0
DA:250,0
DA:251,1
DA:253,1
DA:254,1
DA:256,1
DA:257,0
DA:259,0
DA:260,0
DA:261,0
DA:262,0
DA:263,0
DA:264,0
DA:265,0
DA:266,0
DA:267,0
DA:268,0
DA:269,0
DA:270,0
DA:271,0
DA:272,0
DA:273,1
DA:275,1
DA:276,1
DA:278,1
DA:279,0
DA:282,0
DA:283,0
DA:285,0
DA:286,0
DA:287,0
DA:288,0
DA:290,0
DA:291,0
DA:292,0
DA:294,0
DA:295,0
DA:296,0
DA:297,0
DA:298,0
DA:299,0
DA:300,0
DA:302,0
DA:303,0
DA:304,0
DA:305,0
DA:306,0
DA:307,0
DA:308,0
DA:311,0
DA:312,1
DA:315,1
DA:316,13
DA:318,13
DA:319,13
DA:320,104
DA:321,104
DA:322,13
DA:324,13
DA:325,104
DA:326,104
DA:327,13
DA:328,104
DA:329,26
DA:330,104
DA:331,13
DA:332,104
DA:333,13
DA:334,104
DA:335,26
DA:336,104
DA:337,13
DA:338,104
DA:339,0
DA:340,104
DA:341,104
DA:343,13
DA:344,0
DA:345,0
DA:346,0
DA:347,0
DA:349,13
DA:351,0
DA:352,0
DA:353,13
LF:281
LH:107
BRDA:89,0,0,13
BRDA:112,1,0,26
BRDA:150,2,0,13
BRDA:189,3,0,13
BRDA:254,4,0,26
BRDA:276,5,0,13
BRDA:315,6,0,13
BRDA:318,7,0,13
BRDA:319,8,0,104
BRDA:324,9,0,104
BRDA:326,10,0,13
BRDA:328,11,0,26
BRDA:330,12,0,13
BRDA:332,13,0,13
BRDA:334,14,0,26
BRDA:336,15,0,13
BRDA:338,16,0,0
BRF:17
BRH:16
end_of_record
TN:
SF:src/security/input-validators.ts
FN:1,(empty-report)
FNF:1
FNH:0
FNDA:0,(empty-report)
DA:1,0
DA:5,0
DA:6,0
DA:7,0
DA:9,0
DA:10,0
DA:11,0
DA:13,0
DA:14,0
DA:17,0
DA:19,0
DA:20,0
DA:21,0
DA:22,0
DA:24,0
DA:25,0
DA:26,0
DA:28,0
DA:29,0
DA:30,0
DA:31,0
DA:33,0
DA:34,0
DA:36,0
DA:37,0
DA:39,0
DA:40,0
DA:42,0
DA:43,0
DA:44,0
DA:45,0
DA:46,0
DA:47,0
DA:50,0
DA:51,0
DA:52,0
DA:53,0
DA:54,0
DA:55,0
DA:56,0
DA:57,0
DA:58,0
DA:59,0
DA:60,0
DA:63,0
DA:64,0
DA:65,0
DA:66,0
DA:67,0
DA:68,0
DA:69,0
DA:70,0
DA:71,0
DA:72,0
DA:73,0
DA:74,0
DA:75,0
DA:76,0
DA:77,0
DA:78,0
DA:79,0
DA:80,0
DA:81,0
DA:82,0
DA:83,0
DA:84,0
DA:85,0
DA:86,0
DA:87,0
DA:88,0
DA:89,0
DA:90,0
DA:91,0
DA:92,0
DA:93,0
DA:94,0
DA:95,0
DA:96,0
DA:97,0
DA:98,0
DA:99,0
DA:100,0
DA:101,0
DA:102,0
DA:103,0
DA:104,0
DA:105,0
DA:106,0
DA:107,0
DA:108,0
DA:109,0
DA:111,0
DA:112,0
DA:113,0
DA:114,0
DA:117,0
DA:118,0
DA:119,0
DA:120,0
DA:121,0
DA:123,0
DA:124,0
DA:125,0
DA:126,0
DA:127,0
DA:128,0
DA:129,0
DA:130,0
DA:131,0
DA:132,0
DA:134,0
DA:135,0
DA:136,0
DA:139,0
DA:140,0
DA:141,0
DA:142,0
DA:143,0
DA:144,0
DA:145,0
DA:146,0
DA:149,0
DA:150,0
DA:151,0
DA:152,0
DA:153,0
DA:154,0
DA:156,0
DA:157,0
DA:158,0
DA:159,0
DA:161,0
DA:162,0
DA:163,0
DA:164,0
DA:167,0
DA:168,0
DA:169,0
DA:170,0
DA:171,0
DA:172,0
DA:173,0
DA:174,0
DA:175,0
DA:176,0
DA:179,0
DA:180,0
DA:181,0
DA:182,0
DA:185,0
DA:186,0
DA:187,0
DA:190,0
DA:191,0
DA:192,0
DA:193,0
DA:195,0
DA:196,0
DA:197,0
DA:198,0
DA:199,0
DA:200,0
DA:201,0
DA:203,0
DA:204,0
DA:207,0
DA:208,0
DA:209,0
DA:210,0
DA:213,0
DA:214,0
DA:215,0
DA:218,0
DA:219,0
DA:221,0
DA:222,0
DA:223,0
DA:226,0
DA:227,0
DA:228,0
DA:231,0
DA:232,0
DA:233,0
DA:236,0
DA:237,0
DA:238,0
DA:239,0
DA:240,0
DA:241,0
DA:242,0
DA:243,0
DA:244,0
DA:245,0
DA:246,0
DA:247,0
DA:248,0
DA:249,0
DA:250,0
DA:251,0
DA:252,0
DA:253,0
DA:254,0
DA:255,0
DA:256,0
DA:257,0
DA:258,0
DA:259,0
DA:260,0
DA:261,0
DA:262,0
DA:263,0
DA:264,0
DA:265,0
DA:266,0
DA:267,0
DA:268,0
DA:269,0
DA:270,0
DA:271,0
DA:272,0
DA:273,0
DA:274,0
DA:275,0
LF:223
LH:0
BRDA:1,0,0,0
BRF:1
BRH:0
end_of_record
TN:
SF:src/security/security-audit.ts
FN:38,<instance_members_initializer>
FN:44,runAudit
FN:74,auditCode
FN:133,auditWorkflow
FN:184,getRecommendations
FN:194,calculateSecurityScore
FN:203,checkCompliance
FN:214,checkDependencies
FN:248,checkCodePatterns
FN:316,checkConfiguration
FN:346,checkAuthentication
FN:366,checkDataValidation
FN:391,checkCrypto
FN:419,checkFileOperations
FN:446,checkNetworking
FN:479,scanDirectory
FN:508,addIssue
FN:516,generateSecurityReport
FNF:18
FNH:6
FNDA:13,<instance_members_initializer>
FNDA:0,runAudit
FNDA:6,auditCode
FNDA:3,auditWorkflow
FNDA:1,getRecommendations
FNDA:2,calculateSecurityScore
FNDA:1,checkCompliance
FNDA:0,checkDependencies
FNDA:0,checkCodePatterns
FNDA:0,checkConfiguration
FNDA:0,checkAuthentication
FNDA:0,checkDataValidation
FNDA:0,checkCrypto
FNDA:0,checkFileOperations
FNDA:0,checkNetworking
FNDA:0,scanDirectory
FNDA:0,addIssue
FNDA:0,generateSecurityReport
DA:1,1
DA:38,1
DA:39,13
DA:44,13
DA:45,0
DA:48,0
DA:49,0
DA:50,0
DA:51,0
DA:52,0
DA:53,0
DA:54,0
DA:55,0
DA:58,0
DA:59,0
DA:60,0
DA:61,0
DA:62,0
DA:63,0
DA:64,0
DA:66,0
DA:67,0
DA:68,0
DA:69,0
DA:70,0
DA:71,0
DA:74,13
DA:76,6
DA:77,6
DA:78,6
DA:80,6
DA:81,1
DA:82,1
DA:84,6
DA:85,6
DA:86,24
DA:87,24
DA:88,4
DA:89,4
DA:90,24
DA:92,6
DA:93,6
DA:94,6
DA:95,6
DA:96,6
DA:97,6
DA:98,6
DA:99,6
DA:100,6
DA:102,6
DA:103,6
DA:104,6
DA:105,6
DA:106,6
DA:107,6
DA:108,6
DA:109,6
DA:110,32
DA:111,3
DA:112,3
DA:113,32
DA:114,6
DA:115,3
DA:116,3
DA:118,6
DA:119,1
DA:120,1
DA:122,6
DA:123,6
DA:124,6
DA:125,6
DA:126,6
DA:127,6
DA:129,0
DA:130,0
DA:131,6
DA:133,13
DA:134,3
DA:135,3
DA:136,5
DA:137,2
DA:138,2
DA:139,1
DA:140,1
DA:141,2
DA:142,1
DA:143,1
DA:144,2
DA:145,2
DA:146,0
DA:147,0
DA:148,0
DA:149,0
DA:150,0
DA:151,0
DA:152,0
DA:154,2
DA:155,2
DA:156,2
DA:157,2
DA:158,1
DA:159,1
DA:160,2
DA:161,5
DA:162,1
DA:163,1
DA:164,1
DA:165,5
DA:166,1
DA:167,1
DA:168,1
DA:169,1
DA:170,1
DA:171,5
DA:172,1
DA:173,1
DA:174,1
DA:175,1
DA:176,1
DA:177,1
DA:178,1
DA:179,1
DA:180,5
DA:181,3
DA:182,3
DA:184,13
DA:185,1
DA:186,1
DA:187,2
DA:188,1
DA:189,0
DA:190,2
DA:191,1
DA:192,1
DA:194,13
DA:195,2
DA:196,2
DA:197,2
DA:198,2
DA:199,2
DA:200,2
DA:201,2
DA:203,13
DA:204,1
DA:205,1
DA:206,1
DA:207,1
DA:208,1
DA:209,1
DA:214,13
DA:215,0
DA:216,0
DA:217,0
DA:220,0
DA:221,0
DA:222,0
DA:223,0
DA:224,0
DA:225,0
DA:227,0
DA:228,0
DA:229,0
DA:231,0
DA:232,0
DA:233,0
DA:234,0
DA:235,0
DA:236,0
DA:237,0
DA:238,0
DA:239,0
DA:240,0
DA:242,0
DA:243,0
DA:248,13
DA:249,0
DA:250,0
DA:251,0
DA:252,0
DA:253,0
DA:254,0
DA:255,0
DA:256,0
DA:257,0
DA:258,0
DA:259,0
DA:260,0
DA:261,0
DA:262,0
DA:263,0
DA:264,0
DA:265,0
DA:266,0
DA:267,0
DA:268,0
DA:269,0
DA:270,0
DA:271,0
DA:272,0
DA:273,0
DA:274,0
DA:275,0
DA:276,0
DA:277,0
DA:278,0
DA:279,0
DA:280,0
DA:281,0
DA:282,0
DA:283,0
DA:284,0
DA:285,0
DA:286,0
DA:287,0
DA:288,0
DA:289,0
DA:290,0
DA:291,0
DA:292,0
DA:295,0
DA:296,0
DA:298,0
DA:299,0
DA:300,0
DA:301,0
DA:302,0
DA:303,0
DA:304,0
DA:305,0
DA:306,0
DA:307,0
DA:308,0
DA:309,0
DA:310,0
DA:311,0
DA:316,13
DA:318,0
DA:319,0
DA:320,0
DA:321,0
DA:322,0
DA:323,0
DA:325,0
DA:327,0
DA:329,0
DA:330,0
DA:331,0
DA:332,0
DA:333,0
DA:334,0
DA:335,0
DA:336,0
DA:337,0
DA:338,0
DA:339,0
DA:340,0
DA:341,0
DA:346,13
DA:348,0
DA:349,0
DA:350,0
DA:351,0
DA:352,0
DA:355,0
DA:356,0
DA:357,0
DA:358,0
DA:359,0
DA:360,0
DA:361,0
DA:366,13
DA:368,0
DA:369,0
DA:372,0
DA:373,0
DA:375,0
DA:376,0
DA:377,0
DA:378,0
DA:379,0
DA:380,0
DA:381,0
DA:382,0
DA:383,0
DA:384,0
DA:385,0
DA:386,0
DA:391,13
DA:392,0
DA:393,0
DA:394,0
DA:395,0
DA:396,0
DA:398,0
DA:399,0
DA:401,0
DA:402,0
DA:403,0
DA:404,0
DA:405,0
DA:406,0
DA:407,0
DA:408,0
DA:409,0
DA:410,0
DA:411,0
DA:412,0
DA:413,0
DA:414,0
DA:419,13
DA:420,0
DA:421,0
DA:422,0
DA:423,0
DA:424,0
DA:426,0
DA:427,0
DA:429,0
DA:430,0
DA:431,0
DA:432,0
DA:433,0
DA:434,0
DA:435,0
DA:436,0
DA:437,0
DA:438,0
DA:439,0
DA:440,0
DA:441,0
DA:446,13
DA:448,0
DA:449,0
DA:450,0
DA:451,0
DA:452,0
DA:454,0
DA:455,0
DA:456,0
DA:457,0
DA:458,0
DA:459,0
DA:460,0
DA:462,0
DA:463,0
DA:464,0
DA:465,0
DA:466,0
DA:467,0
DA:468,0
DA:469,0
DA:470,0
DA:471,0
DA:472,0
DA:473,0
DA:474,0
DA:479,13
DA:480,0
DA:481,0
DA:482,0
DA:483,0
DA:484,0
DA:486,0
DA:487,0
DA:489,0
DA:490,0
DA:491,0
DA:492,0
DA:493,0
DA:494,0
DA:495,0
DA:497,0
DA:498,0
DA:499,0
DA:500,0
DA:502,0
DA:503,0
DA:508,13
DA:509,0
DA:510,0
DA:511,13
DA:516,1
DA:517,0
DA:518,0
DA:519,0
DA:520,0
DA:521,0
DA:522,0
DA:523,0
DA:524,0
DA:525,0
DA:526,0
DA:527,0
DA:528,0
DA:529,0
DA:530,0
DA:532,0
DA:533,0
DA:535,0
DA:536,0
DA:537,0
DA:538,0
DA:539,0
DA:541,0
DA:542,0
DA:543,0
DA:544,0
DA:546,0
DA:547,0
DA:548,0
DA:549,0
DA:550,0
DA:551,0
DA:552,0
DA:553,0
DA:554,0
DA:555,0
DA:556,0
DA:557,0
DA:558,0
DA:560,0
DA:561,0
LF:422
LH:129
BRDA:38,0,0,13
BRDA:74,1,0,6
BRDA:76,2,0,0
BRDA:80,3,0,1
BRDA:85,4,0,24
BRDA:86,5,0,20
BRDA:87,6,0,4
BRDA:99,7,0,24
BRDA:99,8,0,19
BRDA:100,9,0,5
BRDA:109,10,0,32
BRDA:110,11,0,3
BRDA:114,12,0,3
BRDA:118,13,0,1
BRDA:122,14,0,5
BRDA:123,15,0,5
BRDA:124,16,0,5
BRDA:125,17,0,3
BRDA:125,18,0,1
BRDA:125,19,0,2
BRDA:127,20,0,0
BRDA:110,21,0,91
BRDA:133,22,0,3
BRDA:135,23,0,0
BRDA:135,24,0,5
BRDA:136,25,0,2
BRDA:137,26,0,0
BRDA:138,27,0,1
BRDA:141,28,0,1
BRDA:144,29,0,0
BRDA:145,30,0,0
BRDA:157,31,0,1
BRDA:157,32,0,1
BRDA:157,33,0,1
BRDA:157,34,0,0
BRDA:157,35,0,1
BRDA:161,36,0,1
BRDA:165,37,0,1
BRDA:166,38,0,0
BRDA:171,39,0,1
BRDA:172,40,0,0
BRDA:184,41,0,1
BRDA:186,42,0,2
BRDA:187,43,0,1
BRDA:188,44,0,0
BRDA:194,45,0,2
BRDA:196,46,0,4
BRDA:199,47,0,1
BRDA:199,48,0,1
BRDA:199,49,0,0
BRDA:199,50,0,0
BRDA:199,51,0,0
BRDA:203,52,0,1
BRF:53
BRH:40
end_of_record
TN:
SF:src/security/security-config.ts
FN:1,(empty-report)
FNF:1
FNH:0
FNDA:0,(empty-report)
DA:1,0
DA:7,0
DA:8,0
DA:11,0
DA:14,0
DA:17,0
DA:18,0
DA:19,0
DA:20,0
DA:21,0
DA:22,0
DA:23,0
DA:24,0
DA:26,0
DA:27,0
DA:28,0
DA:29,0
DA:30,0
DA:31,0
DA:32,0
DA:34,0
DA:35,0
DA:36,0
DA:37,0
DA:38,0
DA:39,0
DA:40,0
DA:41,0
DA:43,0
DA:44,0
DA:45,0
DA:46,0
DA:48,0
DA:49,0
DA:50,0
DA:51,0
DA:52,0
DA:53,0
DA:54,0
DA:55,0
DA:56,0
DA:57,0
DA:58,0
DA:59,0
DA:60,0
DA:61,0
DA:62,0
DA:63,0
DA:64,0
DA:65,0
DA:66,0
DA:67,0
DA:68,0
DA:69,0
DA:74,0
DA:75,0
DA:76,0
DA:77,0
DA:78,0
DA:79,0
DA:80,0
DA:81,0
DA:82,0
DA:83,0
DA:84,0
DA:85,0
DA:86,0
DA:87,0
DA:88,0
DA:89,0
DA:90,0
DA:91,0
DA:92,0
DA:93,0
DA:94,0
DA:95,0
DA:96,0
DA:97,0
DA:98,0
DA:99,0
DA:100,0
DA:101,0
DA:102,0
DA:103,0
DA:104,0
DA:105,0
DA:106,0
DA:107,0
DA:108,0
DA:109,0
DA:110,0
DA:111,0
DA:112,0
DA:113,0
DA:114,0
DA:115,0
DA:116,0
DA:117,0
DA:118,0
DA:119,0
DA:120,0
DA:121,0
DA:122,0
DA:123,0
DA:124,0
DA:125,0
DA:126,0
DA:127,0
DA:128,0
DA:129,0
DA:130,0
DA:131,0
DA:132,0
DA:133,0
DA:134,0
DA:135,0
DA:136,0
DA:137,0
DA:138,0
DA:139,0
DA:140,0
DA:141,0
DA:142,0
DA:143,0
DA:144,0
DA:145,0
DA:146,0
DA:151,0
DA:152,0
DA:154,0
DA:155,0
DA:156,0
DA:158,0
DA:159,0
LF:134
LH:0
BRDA:1,0,0,0
BRF:1
BRH:0
end_of_record
TN:
SF:src/security/security-middleware.ts
FN:32,<instance_members_initializer>
FN:36,RateLimitStore
FN:41,increment
FN:59,cleanup
FN:68,destroy
FN:80,securityPlugin
FN:216,validateInput
FN:240,sanitizeSqlInput
FN:267,sanitizeHtmlInput
FN:283,sanitizePath
FN:296,generateSecureToken
FN:303,hashSensitiveData
FN:313,verifyHashedData
FN:326,timingSafeEqual
FN:340,getClientIp
FN:366,<instance_members_initializer>
FN:369,defaultSrc
FN:374,scriptSrc
FN:379,styleSrc
FN:384,imgSrc
FN:389,connectSrc
FN:394,fontSrc
FN:399,frameSrc
FN:404,build
FNF:24
FNH:16
FNDA:1,<instance_members_initializer>
FNDA:1,RateLimitStore
FNDA:0,increment
FNDA:0,cleanup
FNDA:0,destroy
FNDA:0,securityPlugin
FNDA:0,validateInput
FNDA:7,sanitizeSqlInput
FNDA:4,sanitizeHtmlInput
FNDA:7,sanitizePath
FNDA:4,generateSecureToken
FNDA:7,hashSensitiveData
FNDA:3,verifyHashedData
FNDA:3,timingSafeEqual
FNDA:0,getClientIp
FNDA:3,<instance_members_initializer>
FNDA:3,defaultSrc
FNDA:2,scriptSrc
FNDA:1,styleSrc
FNDA:1,imgSrc
FNDA:1,connectSrc
FNDA:0,fontSrc
FNDA:0,frameSrc
FNDA:2,build
DA:1,1
DA:32,1
DA:33,1
DA:34,1
DA:36,1
DA:38,1
DA:39,1
DA:41,1
DA:42,0
DA:43,0
DA:45,0
DA:46,0
DA:47,0
DA:48,0
DA:49,0
DA:51,0
DA:52,0
DA:53,0
DA:54,0
DA:55,0
DA:56,0
DA:57,0
DA:59,1
DA:60,0
DA:61,0
DA:62,0
DA:63,0
DA:64,0
DA:65,0
DA:66,0
DA:68,1
DA:69,0
DA:70,0
DA:71,0
DA:72,1
DA:75,1
DA:80,0
DA:82,0
DA:83,0
DA:84,0
DA:85,0
DA:86,0
DA:87,0
DA:88,0
DA:89,0
DA:90,0
DA:91,0
DA:92,0
DA:94,0
DA:95,0
DA:96,0
DA:97,0
DA:98,0
DA:99,0
DA:100,0
DA:101,0
DA:102,0
DA:103,0
DA:104,0
DA:105,0
DA:106,0
DA:107,0
DA:108,0
DA:109,0
DA:111,0
DA:113,0
DA:114,0
DA:115,0
DA:116,0
DA:119,0
DA:120,0
DA:121,0
DA:124,0
DA:125,0
DA:126,0
DA:127,0
DA:128,0
DA:131,0
DA:132,0
DA:135,0
DA:136,0
DA:137,0
DA:138,0
DA:141,0
DA:142,0
DA:144,0
DA:145,0
DA:146,0
DA:148,0
DA:150,0
DA:151,0
DA:152,0
DA:153,0
DA:155,0
DA:156,0
DA:157,0
DA:158,0
DA:159,0
DA:161,0
DA:162,0
DA:163,0
DA:164,0
DA:166,0
DA:167,0
DA:168,0
DA:169,0
DA:170,0
DA:171,0
DA:172,0
DA:173,0
DA:174,0
DA:177,0
DA:178,0
DA:179,0
DA:180,0
DA:182,0
DA:184,0
DA:185,0
DA:186,0
DA:188,0
DA:190,0
DA:191,0
DA:192,0
DA:193,0
DA:194,0
DA:195,0
DA:196,0
DA:198,0
DA:200,0
DA:201,0
DA:203,0
DA:204,0
DA:205,0
DA:206,0
DA:207,0
DA:208,0
DA:209,0
DA:210,0
DA:211,0
DA:216,1
DA:217,0
DA:218,0
DA:219,0
DA:220,0
DA:221,0
DA:222,0
DA:223,0
DA:224,0
DA:225,0
DA:226,0
DA:227,0
DA:228,0
DA:229,0
DA:230,0
DA:231,0
DA:232,0
DA:233,0
DA:234,0
DA:235,0
DA:240,1
DA:242,7
DA:243,7
DA:244,7
DA:245,7
DA:246,7
DA:247,7
DA:249,7
DA:250,7
DA:252,7
DA:255,7
DA:257,7
DA:258,7
DA:260,7
DA:261,7
DA:262,7
DA:267,1
DA:268,4
DA:269,4
DA:270,4
DA:271,4
DA:272,4
DA:273,4
DA:274,4
DA:275,4
DA:277,4
DA:278,4
DA:283,1
DA:284,7
DA:285,7
DA:286,7
DA:287,7
DA:288,7
DA:289,7
DA:290,7
DA:291,7
DA:296,1
DA:297,4
DA:298,4
DA:303,1
DA:304,7
DA:305,7
DA:306,7
DA:307,7
DA:308,7
DA:313,1
DA:314,3
DA:315,3
DA:316,3
DA:317,3
DA:320,3
DA:321,3
DA:326,3
DA:327,3
DA:329,2
DA:330,3
DA:331,128
DA:332,128
DA:334,2
DA:335,2
DA:340,0
DA:342,0
DA:343,0
DA:344,0
DA:345,0
DA:347,0
DA:348,0
DA:349,0
DA:350,0
DA:351,0
DA:352,0
DA:354,0
DA:355,0
DA:356,0
DA:357,0
DA:358,0
DA:360,0
DA:361,0
DA:366,1
DA:367,3
DA:369,3
DA:370,3
DA:371,3
DA:372,3
DA:374,3
DA:375,2
DA:376,2
DA:377,2
DA:379,3
DA:380,1
DA:381,1
DA:382,1
DA:384,3
DA:385,1
DA:386,1
DA:387,1
DA:389,3
DA:390,1
DA:391,1
DA:392,1
DA:394,3
DA:395,0
DA:396,0
DA:397,0
DA:399,3
DA:400,0
DA:401,0
DA:402,0
DA:404,3
DA:405,2
DA:406,2
DA:407,2
DA:408,2
DA:409,3
LF:273
LH:103
BRDA:32,0,0,1
BRDA:36,1,0,1
BRDA:240,2,0,7
BRDA:267,3,0,4
BRDA:277,4,0,18
BRDA:277,5,0,0
BRDA:283,6,0,7
BRDA:296,7,0,4
BRDA:303,8,0,7
BRDA:304,9,0,5
BRDA:313,10,0,3
BRDA:326,11,0,3
BRDA:327,12,0,1
BRDA:327,13,0,2
BRDA:330,14,0,128
BRDA:332,15,0,2
BRDA:366,16,0,3
BRDA:369,17,0,3
BRDA:374,18,0,2
BRDA:379,19,0,1
BRDA:384,20,0,1
BRDA:389,21,0,1
BRDA:404,22,0,2
BRDA:406,23,0,6
BRF:24
BRH:23
end_of_record
TN:
SF:src/workflow-map/dependency-indexer.ts
FN:45,<instance_members_initializer>
FN:48,DependencyIndexer
FN:53,buildWebhookIndex
FN:74,indexWorkflow
FN:164,buildDependencyMap
FN:184,findDependents
FN:202,findDependencies
FN:219,isExecuteWorkflowNode
FN:223,isHttpNode
FN:227,isWebhookNode
FN:231,isManualTriggerNode
FN:235,extractWebhookPath
FN:243,extractHttpUrl
FN:252,matchHttpToWebhook
FN:318,fuzzyMatchPath
FN:320,normalize
FN:345,resolveHttpWebhookConnections
FN:371,calculateCoverage
FNF:18
FNH:17
FNDA:11,<instance_members_initializer>
FNDA:11,DependencyIndexer
FNDA:7,buildWebhookIndex
FNDA:16,indexWorkflow
FNDA:6,buildDependencyMap
FNDA:1,findDependents
FNDA:1,findDependencies
FNDA:23,isExecuteWorkflowNode
FNDA:13,isHttpNode
FNDA:28,isWebhookNode
FNDA:0,isManualTriggerNode
FNDA:15,extractWebhookPath
FNDA:7,extractHttpUrl
FNDA:7,matchHttpToWebhook
FNDA:2,fuzzyMatchPath
FNDA:4,normalize
FNDA:6,resolveHttpWebhookConnections
FNDA:2,calculateCoverage
DA:1,1
DA:4,1
DA:5,1
DA:6,1
DA:7,1
DA:8,1
DA:9,1
DA:10,1
DA:11,1
DA:12,1
DA:13,1
DA:14,1
DA:15,1
DA:16,1
DA:17,1
DA:18,1
DA:19,1
DA:20,1
DA:21,1
DA:22,1
DA:45,1
DA:46,11
DA:48,11
DA:53,11
DA:54,7
DA:56,7
DA:57,13
DA:58,22
DA:59,9
DA:60,9
DA:61,9
DA:62,7
DA:63,7
DA:64,9
DA:65,9
DA:66,9
DA:67,22
DA:68,13
DA:69,7
DA:74,11
DA:75,16
DA:77,16
DA:79,23
DA:80,10
DA:81,10
DA:82,9
DA:83,9
DA:84,9
DA:85,9
DA:86,9
DA:87,9
DA:88,9
DA:89,9
DA:90,9
DA:91,9
DA:92,9
DA:93,9
DA:94,10
DA:97,13
DA:98,7
DA:99,7
DA:100,7
DA:101,7
DA:102,5
DA:103,5
DA:104,5
DA:105,5
DA:106,5
DA:107,5
DA:108,5
DA:109,5
DA:110,5
DA:111,5
DA:112,5
DA:113,5
DA:114,5
DA:115,5
DA:116,5
DA:117,5
DA:118,5
DA:119,7
DA:120,7
DA:123,6
DA:124,6
DA:125,6
DA:126,6
DA:127,6
DA:128,6
DA:129,6
DA:130,6
DA:131,6
DA:132,6
DA:133,6
DA:134,6
DA:135,6
DA:136,6
DA:137,6
DA:138,6
DA:141,0
DA:142,0
DA:143,0
DA:144,0
DA:145,0
DA:146,0
DA:147,0
DA:148,0
DA:149,0
DA:150,0
DA:151,0
DA:152,23
DA:154,16
DA:155,16
DA:156,16
DA:157,16
DA:158,16
DA:159,16
DA:164,11
DA:166,6
DA:168,6
DA:170,6
DA:171,11
DA:172,11
DA:173,11
DA:176,6
DA:178,6
DA:179,6
DA:184,11
DA:185,1
DA:187,1
DA:188,3
DA:189,2
DA:190,2
DA:191,2
DA:192,2
DA:193,2
DA:194,3
DA:196,1
DA:197,1
DA:202,11
DA:203,1
DA:204,1
DA:206,1
DA:208,1
DA:209,3
DA:210,3
DA:211,3
DA:212,3
DA:214,1
DA:215,1
DA:219,11
DA:220,23
DA:221,23
DA:223,11
DA:224,13
DA:225,13
DA:227,11
DA:228,28
DA:229,28
DA:231,11
DA:232,0
DA:233,0
DA:235,11
DA:236,15
DA:237,15
DA:238,15
DA:239,15
DA:240,0
DA:241,15
DA:243,11
DA:244,7
DA:245,7
DA:246,7
DA:252,11
DA:253,7
DA:254,7
DA:255,7
DA:260,7
DA:261,3
DA:262,3
DA:263,3
DA:264,3
DA:265,3
DA:266,3
DA:269,3
DA:270,3
DA:271,7
DA:272,2
DA:273,2
DA:274,2
DA:275,2
DA:276,2
DA:277,2
DA:282,1
DA:283,1
DA:284,1
DA:285,1
DA:287,7
DA:288,0
DA:289,0
DA:290,0
DA:291,0
DA:292,0
DA:293,0
DA:296,7
DA:297,2
DA:298,0
DA:299,0
DA:300,0
DA:301,0
DA:302,0
DA:303,0
DA:304,2
DA:308,1
DA:310,1
DA:312,2
DA:313,7
DA:318,11
DA:320,2
DA:321,2
DA:322,2
DA:325,2
DA:328,2
DA:331,2
DA:332,2
DA:333,2
DA:334,2
DA:335,2
DA:336,2
DA:337,2
DA:339,2
DA:340,2
DA:345,11
DA:346,6
DA:347,11
DA:348,18
DA:350,4
DA:351,4
DA:353,3
DA:355,4
DA:357,0
DA:358,0
DA:359,0
DA:360,0
DA:361,0
DA:362,0
DA:363,4
DA:364,18
DA:365,11
DA:366,6
DA:371,11
DA:376,2
DA:377,2
DA:378,2
DA:379,2
DA:380,2
DA:381,2
DA:382,2
DA:384,2
DA:385,3
DA:386,8
DA:388,8
DA:389,3
DA:390,3
DA:391,3
DA:392,3
DA:393,3
DA:394,8
DA:395,3
DA:396,3
DA:397,3
DA:398,3
DA:399,3
DA:400,5
DA:402,2
DA:403,2
DA:404,8
DA:405,3
DA:407,2
DA:408,2
DA:409,2
DA:410,2
DA:411,2
DA:412,2
DA:413,2
DA:414,11
LF:285
LH:253
BRDA:45,0,0,11
BRDA:48,1,0,11
BRDA:53,2,0,7
BRDA:56,3,0,13
BRDA:57,4,0,22
BRDA:58,5,0,9
BRDA:61,6,0,7
BRDA:74,7,0,16
BRDA:77,8,0,23
BRDA:79,9,0,10
BRDA:80,10,0,9
BRDA:81,11,0,9
BRDA:94,12,0,13
BRDA:97,13,0,7
BRDA:101,14,0,5
BRDA:120,15,0,6
BRDA:138,16,0,0
BRDA:164,17,0,6
BRDA:170,18,0,11
BRDA:184,19,0,1
BRDA:187,20,0,3
BRDA:188,21,0,2
BRDA:202,22,0,1
BRDA:204,23,0,0
BRDA:208,24,0,3
BRDA:219,25,0,23
BRDA:223,26,0,13
BRDA:227,27,0,28
BRDA:235,28,0,15
BRDA:239,29,0,0
BRDA:243,30,0,7
BRDA:245,31,0,0
BRDA:252,32,0,7
BRDA:260,33,0,3
BRDA:271,34,0,2
BRDA:277,35,0,1
BRDA:283,36,0,1
BRDA:284,37,0,1
BRDA:287,38,0,0
BRDA:287,39,0,0
BRDA:293,40,0,1
BRDA:296,41,0,2
BRDA:297,42,0,0
BRDA:304,43,0,1
BRDA:310,44,0,2
BRDA:318,45,0,2
BRDA:325,46,0,0
BRDA:328,47,0,0
BRDA:336,48,0,0
BRDA:320,49,0,4
BRDA:345,50,0,6
BRDA:346,51,0,11
BRDA:347,52,0,18
BRDA:348,53,0,4
BRDA:348,54,0,4
BRDA:351,55,0,3
BRDA:351,56,0,3
BRDA:355,57,0,1
BRDA:355,58,0,0
BRDA:355,59,0,0
BRDA:371,60,0,2
BRDA:384,61,0,3
BRDA:385,62,0,8
BRDA:388,63,0,3
BRDA:394,64,0,5
BRDA:394,65,0,3
BRDA:400,66,0,2
BRDA:408,67,0,1
BRDA:408,68,0,1
BRDA:409,69,0,1
BRDA:409,70,0,1
BRF:71
BRH:59
end_of_record
TN:
SF:src/workflow-map/websocket-handler.ts
FN:1,(empty-report)
FNF:1
FNH:0
FNDA:0,(empty-report)
DA:1,0
DA:7,0
DA:8,0
DA:9,0
DA:10,0
DA:11,0
DA:12,0
DA:14,0
DA:15,0
DA:16,0
DA:17,0
DA:18,0
DA:19,0
DA:20,0
DA:21,0
DA:22,0
DA:23,0
DA:25,0
DA:26,0
DA:27,0
DA:28,0
DA:29,0
DA:30,0
DA:31,0
DA:32,0
DA:34,0
DA:35,0
DA:36,0
DA:37,0
DA:38,0
DA:39,0
DA:40,0
DA:41,0
DA:43,0
DA:44,0
DA:45,0
DA:46,0
DA:47,0
DA:48,0
DA:59,0
DA:60,0
DA:61,0
DA:63,0
DA:68,0
DA:70,0
DA:71,0
DA:72,0
DA:75,0
DA:76,0
DA:77,0
DA:78,0
DA:79,0
DA:81,0
DA:84,0
DA:85,0
DA:86,0
DA:87,0
DA:90,0
DA:91,0
DA:92,0
DA:93,0
DA:94,0
DA:95,0
DA:96,0
DA:97,0
DA:98,0
DA:99,0
DA:100,0
DA:103,0
DA:104,0
DA:105,0
DA:106,0
DA:107,0
DA:108,0
DA:111,0
DA:112,0
DA:113,0
DA:115,0
DA:116,0
DA:117,0
DA:118,0
DA:119,0
DA:120,0
DA:123,0
DA:124,0
DA:129,0
DA:130,0
DA:131,0
DA:133,0
DA:134,0
DA:135,0
DA:136,0
DA:138,0
DA:139,0
DA:140,0
DA:142,0
DA:143,0
DA:144,0
DA:146,0
DA:147,0
DA:148,0
DA:149,0
DA:150,0
DA:151,0
DA:152,0
DA:157,0
DA:158,0
DA:160,0
DA:163,0
DA:164,0
DA:165,0
DA:166,0
DA:167,0
DA:170,0
DA:171,0
DA:172,0
DA:173,0
DA:174,0
DA:177,0
DA:178,0
DA:183,0
DA:184,0
DA:186,0
DA:189,0
DA:190,0
DA:191,0
DA:192,0
DA:193,0
DA:194,0
DA:195,0
DA:196,0
DA:199,0
DA:200,0
DA:201,0
DA:202,0
DA:203,0
DA:204,0
DA:209,0
DA:210,0
DA:211,0
DA:214,0
DA:215,0
DA:216,0
DA:217,0
DA:218,0
DA:219,0
DA:220,0
DA:221,0
DA:222,0
DA:225,0
DA:226,0
DA:231,0
DA:233,0
DA:235,0
DA:236,0
DA:237,0
DA:238,0
DA:239,0
DA:240,0
DA:242,0
DA:243,0
DA:244,0
DA:246,0
DA:247,0
DA:248,0
DA:253,0
DA:254,0
DA:255,0
DA:257,0
DA:259,0
DA:260,0
DA:261,0
DA:262,0
DA:263,0
DA:264,0
DA:269,0
DA:270,0
DA:272,0
DA:273,0
DA:274,0
DA:275,0
DA:276,0
DA:277,0
DA:282,0
DA:283,0
DA:284,0
DA:285,0
DA:287,0
DA:288,0
DA:289,0
DA:291,0
DA:292,0
DA:293,0
DA:294,0
DA:295,0
DA:296,0
DA:301,0
DA:302,0
DA:303,0
DA:304,0
DA:305,0
DA:306,0
DA:307,0
DA:309,0
DA:310,0
DA:315,0
DA:316,0
DA:317,0
DA:318,0
DA:319,0
DA:324,0
DA:325,0
DA:326,0
DA:327,0
DA:328,0
DA:329,0
DA:330,0
DA:331,0
DA:332,0
DA:334,0
DA:335,0
DA:340,0
DA:341,0
DA:342,0
DA:343,0
DA:344,0
DA:345,0
DA:346,0
DA:347,0
DA:348,0
DA:349,0
DA:350,0
DA:351,0
DA:352,0
DA:353,0
DA:355,0
DA:356,0
DA:361,0
DA:362,0
DA:363,0
DA:364,0
DA:365,0
DA:366,0
DA:367,0
DA:368,0
DA:369,0
DA:370,0
DA:371,0
DA:372,0
DA:373,0
DA:374,0
DA:377,0
DA:378,0
DA:379,0
DA:380,0
LF:255
LH:0
BRDA:1,0,0,0
BRF:1
BRH:0
end_of_record
TN:
SF:src/workflow-map/workflow-map-routes.ts
FN:1,(empty-report)
FNF:1
FNH:0
FNDA:0,(empty-report)
DA:1,0
DA:7,0
DA:8,0
DA:9,0
DA:10,0
DA:11,0
DA:13,0
DA:14,0
DA:15,0
DA:16,0
DA:17,0
DA:18,0
DA:20,0
DA:21,0
DA:22,0
DA:23,0
DA:24,0
DA:25,0
DA:26,0
DA:28,0
DA:29,0
DA:30,0
DA:31,0
DA:32,0
DA:33,0
DA:34,0
DA:35,0
DA:36,0
DA:37,0
DA:38,0
DA:40,0
DA:41,0
DA:42,0
DA:43,0
DA:44,0
DA:47,0
DA:48,0
DA:49,0
DA:51,0
DA:53,0
DA:54,0
DA:55,0
DA:56,0
DA:57,0
DA:59,0
DA:60,0
DA:61,0
DA:62,0
DA:63,0
DA:64,0
DA:65,0
DA:66,0
DA:67,0
DA:68,0
DA:71,0
DA:72,0
DA:73,0
DA:74,0
DA:76,0
DA:77,0
DA:78,0
DA:79,0
DA:80,0
DA:82,0
DA:83,0
DA:84,0
DA:86,0
DA:87,0
DA:88,0
DA:89,0
DA:90,0
DA:91,0
DA:93,0
DA:94,0
DA:95,0
DA:96,0
DA:97,0
DA:98,0
DA:99,0
DA:102,0
DA:103,0
DA:104,0
DA:106,0
DA:107,0
DA:108,0
DA:109,0
DA:111,0
DA:112,0
DA:113,0
DA:114,0
DA:115,0
DA:116,0
DA:117,0
DA:118,0
DA:119,0
DA:120,0
DA:121,0
DA:122,0
DA:123,0
DA:124,0
DA:127,0
DA:128,0
DA:129,0
DA:130,0
DA:131,0
DA:132,0
DA:133,0
DA:134,0
DA:135,0
DA:136,0
DA:137,0
DA:138,0
DA:139,0
DA:140,0
DA:141,0
LF:115
LH:0
BRDA:1,0,0,0
BRF:1
BRH:0
end_of_record
TN:
SF:src/workflow-map/workflow-map-service.ts
FN:1,(empty-report)
FNF:1
FNH:0
FNDA:0,(empty-report)
DA:1,0
DA:42,0
DA:43,0
DA:44,0
DA:45,0
DA:46,0
DA:48,0
DA:49,0
DA:50,0
DA:51,0
DA:56,0
DA:57,0
DA:60,0
DA:61,0
DA:62,0
DA:64,0
DA:65,0
DA:66,0
DA:67,0
DA:70,0
DA:71,0
DA:72,0
DA:73,0
DA:75,0
DA:76,0
DA:78,0
DA:79,0
DA:81,0
DA:84,0
DA:85,0
DA:86,0
DA:87,0
DA:88,0
DA:89,0
DA:90,0
DA:91,0
DA:92,0
DA:93,0
DA:94,0
DA:95,0
DA:98,0
DA:99,0
DA:100,0
DA:101,0
DA:102,0
DA:103,0
DA:104,0
DA:107,0
DA:108,0
DA:109,0
DA:110,0
DA:112,0
DA:113,0
DA:114,0
DA:115,0
DA:116,0
DA:117,0
DA:118,0
DA:119,0
DA:120,0
DA:121,0
DA:122,0
DA:124,0
DA:125,0
DA:126,0
DA:127,0
DA:128,0
DA:129,0
DA:130,0
DA:133,0
DA:134,0
DA:135,0
DA:136,0
DA:137,0
DA:138,0
DA:140,0
DA:141,0
DA:142,0
DA:143,0
DA:144,0
DA:145,0
DA:146,0
DA:147,0
DA:148,0
DA:149,0
DA:150,0
DA:151,0
DA:152,0
DA:153,0
DA:154,0
DA:155,0
DA:157,0
DA:158,0
DA:161,0
DA:162,0
DA:163,0
DA:166,0
DA:168,0
DA:169,0
DA:170,0
DA:171,0
DA:172,0
DA:173,0
DA:174,0
DA:175,0
DA:176,0
DA:177,0
DA:178,0
DA:179,0
DA:184,0
DA:185,0
DA:186,0
DA:187,0
DA:188,0
DA:191,0
DA:192,0
DA:193,0
DA:196,0
DA:197,0
DA:198,0
DA:200,0
DA:203,0
DA:204,0
DA:205,0
DA:207,0
DA:208,0
DA:209,0
DA:212,0
DA:213,0
DA:214,0
DA:215,0
DA:216,0
DA:217,0
DA:222,0
DA:224,0
DA:227,0
DA:230,0
DA:231,0
DA:232,0
DA:233,0
DA:235,0
DA:237,0
DA:238,0
DA:243,0
DA:244,0
DA:245,0
DA:246,0
DA:248,0
DA:251,0
DA:252,0
DA:253,0
DA:254,0
DA:255,0
DA:257,0
DA:258,0
DA:259,0
DA:260,0
DA:261,0
DA:262,0
DA:263,0
DA:264,0
DA:265,0
DA:266,0
DA:267,0
DA:268,0
DA:271,0
DA:272,0
DA:273,0
DA:274,0
DA:275,0
DA:276,0
DA:278,0
DA:279,0
DA:280,0
DA:281,0
DA:282,0
DA:283,0
DA:284,0
DA:285,0
DA:287,0
DA:288,0
DA:289,0
DA:290,0
DA:291,0
DA:292,0
DA:293,0
DA:294,0
DA:295,0
DA:296,0
DA:297,0
DA:298,0
DA:299,0
DA:300,0
DA:304,0
DA:307,0
DA:308,0
DA:309,0
DA:310,0
DA:311,0
DA:312,0
DA:313,0
DA:314,0
DA:315,0
DA:316,0
DA:317,0
DA:318,0
DA:319,0
DA:320,0
DA:321,0
DA:322,0
DA:323,0
DA:324,0
DA:325,0
DA:326,0
DA:327,0
DA:328,0
DA:329,0
DA:330,0
DA:331,0
DA:332,0
DA:333,0
DA:334,0
DA:335,0
DA:336,0
DA:337,0
DA:338,0
DA:339,0
DA:340,0
DA:341,0
DA:342,0
DA:343,0
DA:344,0
DA:345,0
DA:346,0
DA:347,0
DA:348,0
DA:349,0
DA:350,0
DA:351,0
DA:352,0
DA:353,0
DA:354,0
DA:355,0
DA:356,0
DA:357,0
DA:358,0
DA:359,0
DA:360,0
DA:361,0
DA:362,0
DA:363,0
DA:364,0
DA:365,0
DA:366,0
DA:367,0
DA:368,0
DA:369,0
DA:370,0
DA:371,0
DA:372,0
DA:373,0
DA:374,0
DA:375,0
DA:376,0
DA:377,0
DA:378,0
DA:379,0
DA:380,0
DA:381,0
DA:382,0
DA:383,0
DA:384,0
DA:385,0
DA:387,0
DA:389,0
DA:390,0
DA:391,0
DA:392,0
DA:393,0
DA:394,0
DA:396,0
DA:397,0
DA:399,0
DA:400,0
DA:403,0
DA:404,0
DA:405,0
DA:407,0
DA:408,0
DA:409,0
DA:410,0
DA:411,0
DA:412,0
DA:413,0
DA:415,0
DA:416,0
DA:417,0
DA:418,0
DA:419,0
DA:420,0
DA:421,0
DA:422,0
DA:424,0
DA:425,0
DA:426,0
DA:427,0
DA:428,0
DA:429,0
DA:430,0
DA:432,0
DA:433,0
DA:434,0
DA:435,0
DA:436,0
DA:437,0
DA:438,0
DA:439,0
DA:441,0
DA:442,0
DA:443,0
DA:444,0
DA:445,0
DA:447,0
DA:448,0
DA:449,0
DA:450,0
DA:451,0
DA:452,0
DA:453,0
DA:454,0
DA:455,0
DA:456,0
DA:457,0
DA:458,0
DA:459,0
DA:460,0
LF:336
LH:0
BRDA:1,0,0,0
BRF:1
BRH:0
end_of_record
