TN:
SF:src/ai-routes.ts
FN:19,createAIRoutes
FN:28,authMiddleware
FN:38,rateLimitMiddleware
FN:225,res.end
FNF:4
FNH:4
FNDA:9,createAIRoutes
FNDA:15,authMiddleware
FNDA:13,rateLimitMiddleware
FNDA:1,res.end
DA:1,1
DA:13,1
DA:14,1
DA:17,1
DA:19,1
DA:20,9
DA:23,9
DA:24,9
DA:25,9
DA:26,9
DA:28,9
DA:30,15
DA:31,15
DA:32,3
DA:33,15
DA:34,15
DA:35,1
DA:36,15
DA:38,9
DA:39,13
DA:40,13
DA:41,13
DA:42,13
DA:43,0
DA:44,0
DA:45,0
DA:46,13
DA:47,13
DA:48,13
DA:49,13
DA:50,13
DA:51,13
DA:52,0
DA:53,0
DA:54,0
DA:55,13
DA:56,13
DA:58,9
DA:59,12
DA:60,12
DA:61,9
DA:62,9
DA:63,9
DA:66,9
DA:67,1
DA:68,1
DA:69,1
DA:70,1
DA:71,0
DA:72,0
DA:73,0
DA:74,0
DA:75,0
DA:76,9
DA:78,9
DA:79,2
DA:80,2
DA:81,2
DA:82,2
DA:83,2
DA:84,1
DA:85,2
DA:86,0
DA:87,0
DA:88,0
DA:89,0
DA:90,0
DA:91,9
DA:93,9
DA:94,0
DA:95,0
DA:96,0
DA:97,0
DA:98,0
DA:99,0
DA:100,0
DA:101,0
DA:102,0
DA:103,0
DA:104,0
DA:105,0
DA:106,0
DA:107,0
DA:108,0
DA:109,0
DA:110,0
DA:111,0
DA:112,0
DA:113,0
DA:114,0
DA:115,0
DA:116,0
DA:117,9
DA:120,9
DA:121,4
DA:122,4
DA:123,4
DA:124,4
DA:125,4
DA:126,4
DA:127,4
DA:128,4
DA:129,1
DA:130,1
DA:131,1
DA:132,3
DA:133,3
DA:134,4
DA:135,4
DA:136,4
DA:137,4
DA:138,4
DA:139,4
DA:140,0
DA:141,0
DA:142,4
DA:143,3
DA:144,3
DA:145,3
DA:146,3
DA:147,3
DA:148,3
DA:149,4
DA:150,0
DA:151,0
DA:152,9
DA:154,9
DA:155,1
DA:156,1
DA:157,1
DA:158,1
DA:159,1
DA:160,1
DA:161,1
DA:162,1
DA:163,1
DA:164,1
DA:165,1
DA:166,0
DA:167,0
DA:168,1
DA:169,1
DA:170,1
DA:171,1
DA:172,0
DA:173,0
DA:174,9
DA:176,9
DA:177,1
DA:178,1
DA:179,1
DA:180,1
DA:181,1
DA:182,1
DA:183,1
DA:184,1
DA:185,0
DA:187,0
DA:188,1
DA:189,1
DA:190,1
DA:191,9
DA:193,9
DA:194,0
DA:195,0
DA:196,0
DA:197,0
DA:198,0
DA:199,0
DA:200,0
DA:201,0
DA:202,0
DA:203,0
DA:204,0
DA:205,0
DA:206,0
DA:207,9
DA:210,9
DA:211,2
DA:212,9
DA:215,9
DA:216,0
DA:217,9
DA:218,9
DA:219,0
DA:220,9
DA:223,9
DA:224,1
DA:225,1
DA:226,1
DA:227,1
DA:228,1
DA:229,1
DA:230,1
DA:231,1
DA:232,1
DA:233,1
DA:234,9
DA:236,9
DA:237,9
LF:200
LH:136
BRDA:19,0,0,9
BRDA:28,1,0,15
BRDA:31,2,0,13
BRDA:31,3,0,3
BRDA:31,4,0,2
BRDA:32,5,0,0
BRDA:33,6,0,2
BRDA:33,7,0,0
BRDA:34,8,0,1
BRDA:38,9,0,13
BRDA:39,10,0,0
BRDA:41,11,0,2
BRDA:42,12,0,0
BRDA:51,13,0,0
BRDA:58,14,0,12
BRDA:66,15,0,1
BRDA:70,16,0,0
BRDA:78,17,0,2
BRDA:81,18,0,0
BRDA:83,19,0,1
BRDA:85,20,0,0
BRDA:120,21,0,4
BRDA:127,22,0,0
BRDA:128,23,0,1
BRDA:129,24,0,0
BRDA:131,25,0,3
BRDA:134,26,0,0
BRDA:139,27,0,0
BRDA:142,28,0,3
BRDA:149,29,0,0
BRDA:154,30,0,1
BRDA:157,31,0,0
BRDA:158,32,0,0
BRDA:159,33,0,0
BRDA:163,34,0,0
BRDA:165,35,0,0
BRDA:169,36,0,0
BRDA:171,37,0,0
BRDA:162,38,0,1
BRDA:176,39,0,1
BRDA:179,40,0,0
BRDA:183,41,0,0
BRDA:184,42,0,0
BRDA:210,43,0,2
BRDA:223,44,0,1
BRDA:225,45,0,1
BRDA:227,46,0,0
BRDA:230,47,0,0
BRF:48
BRH:23
end_of_record
TN:
SF:src/introspect-api.ts
FN:35,<instance_members_initializer>
FN:45,IntrospectAPI
FN:100,registerNodeTypes
FN:110,getAllNodes
FN:123,getNode
FN:155,convertToIntrospection
FN:197,resolveLoadOptions
FN:248,resolveLoadOptionsCached
FN:297,invalidateLoadOptions
FN:305,clearLoadOptionsCache
FN:309,buildCacheKey
FN:314,computeEtag
FN:319,stableStringify
FN:321,stringify
FN:337,setExternalLoadOptionsResolver
FN:379,IntrospectAPI.getAllNodeTypes
FN:393,IntrospectAPI.getNodeType
FNF:17
FNH:14
FNDA:10,<instance_members_initializer>
FNDA:10,IntrospectAPI
FNDA:13,registerNodeTypes
FNDA:3,getAllNodes
FNDA:4,getNode
FNDA:72,convertToIntrospection
FNDA:4,resolveLoadOptions
FNDA:2,resolveLoadOptionsCached
FNDA:0,invalidateLoadOptions
FNDA:0,clearLoadOptionsCache
FNDA:2,buildCacheKey
FNDA:2,computeEtag
FNDA:4,stableStringify
FNDA:46,stringify
FNDA:0,setExternalLoadOptionsResolver
FNDA:2,IntrospectAPI.getAllNodeTypes
FNDA:2,IntrospectAPI.getNodeType
DA:1,1
DA:35,1
DA:36,10
DA:37,10
DA:38,10
DA:39,10
DA:45,10
DA:47,10
DA:48,10
DA:49,10
DA:51,3
DA:52,3
DA:53,3
DA:54,3
DA:55,3
DA:56,3
DA:57,3
DA:58,3
DA:59,3
DA:60,3
DA:61,3
DA:62,3
DA:63,3
DA:64,3
DA:65,3
DA:66,3
DA:67,3
DA:68,3
DA:69,3
DA:70,3
DA:71,3
DA:72,3
DA:73,3
DA:74,3
DA:75,3
DA:76,3
DA:77,3
DA:78,3
DA:79,3
DA:80,3
DA:81,3
DA:82,3
DA:83,3
DA:84,3
DA:85,3
DA:86,3
DA:87,3
DA:88,3
DA:89,10
DA:90,7
DA:91,7
DA:92,10
DA:94,0
DA:95,10
DA:100,10
DA:101,13
DA:102,239
DA:103,239
DA:104,239
DA:105,13
DA:110,10
DA:111,3
DA:112,3
DA:113,70
DA:114,70
DA:115,70
DA:117,3
DA:118,3
DA:123,10
DA:125,4
DA:126,0
DA:127,0
DA:128,0
DA:129,0
DA:130,0
DA:131,0
DA:134,4
DA:135,4
DA:137,4
DA:138,94
DA:139,94
DA:140,0
DA:141,94
DA:143,94
DA:144,3
DA:145,3
DA:146,3
DA:147,94
DA:149,4
DA:150,4
DA:155,10
DA:157,72
DA:158,0
DA:159,72
DA:162,72
DA:163,72
DA:164,0
DA:166,72
DA:167,72
DA:168,0
DA:170,72
DA:171,72
DA:172,72
DA:173,72
DA:174,72
DA:175,72
DA:176,72
DA:177,72
DA:178,72
DA:179,72
DA:180,52
DA:181,52
DA:182,52
DA:183,52
DA:184,52
DA:185,52
DA:186,52
DA:187,52
DA:188,72
DA:189,72
DA:190,72
DA:191,72
DA:197,10
DA:198,4
DA:199,4
DA:200,4
DA:201,4
DA:203,4
DA:204,0
DA:205,0
DA:206,0
DA:207,0
DA:209,0
DA:210,0
DA:212,4
DA:213,3
DA:214,3
DA:215,3
DA:216,3
DA:217,3
DA:218,3
DA:219,3
DA:220,3
DA:221,3
DA:222,3
DA:223,3
DA:224,0
DA:225,0
DA:226,0
DA:227,0
DA:228,0
DA:229,0
DA:230,0
DA:231,0
DA:232,0
DA:233,0
DA:234,0
DA:235,0
DA:236,0
DA:237,0
DA:238,0
DA:239,3
DA:242,1
DA:243,4
DA:248,10
DA:249,2
DA:250,2
DA:251,2
DA:252,2
DA:260,2
DA:261,2
DA:262,2
DA:263,2
DA:265,2
DA:266,2
DA:267,0
DA:268,0
DA:269,0
DA:270,0
DA:271,0
DA:272,0
DA:273,0
DA:274,0
DA:275,0
DA:276,0
DA:279,2
DA:280,2
DA:281,2
DA:282,2
DA:283,2
DA:284,2
DA:285,2
DA:286,2
DA:287,2
DA:288,2
DA:289,2
DA:290,2
DA:291,2
DA:292,2
DA:297,10
DA:298,0
DA:299,0
DA:300,0
DA:305,10
DA:306,0
DA:307,0
DA:309,10
DA:310,2
DA:311,2
DA:312,2
DA:314,10
DA:315,2
DA:316,2
DA:317,2
DA:319,10
DA:320,4
DA:321,4
DA:322,46
DA:323,46
DA:324,16
DA:325,46
DA:326,14
DA:327,14
DA:328,46
DA:329,14
DA:330,46
DA:331,4
DA:332,4
DA:337,10
DA:338,0
DA:343,0
DA:344,0
DA:345,0
DA:346,10
DA:349,1
DA:379,1
DA:380,2
DA:381,2
DA:382,46
DA:383,46
DA:384,46
DA:385,46
DA:386,46
DA:387,46
DA:388,46
DA:389,46
DA:390,2
DA:391,2
DA:393,1
DA:394,2
DA:395,2
DA:396,1
DA:397,1
DA:398,1
DA:399,1
DA:400,1
DA:401,1
DA:402,1
DA:403,1
DA:404,1
DA:405,1
DA:406,1
LF:262
LH:211
BRDA:35,0,0,10
BRDA:45,1,0,10
BRDA:49,2,0,3
BRDA:89,3,0,7
BRDA:92,4,0,0
BRDA:100,5,0,13
BRDA:101,6,0,239
BRDA:110,7,0,3
BRDA:112,8,0,70
BRDA:123,9,0,4
BRDA:125,10,0,0
BRDA:137,11,0,94
BRDA:139,12,0,0
BRDA:143,13,0,3
BRDA:143,14,0,3
BRDA:149,15,0,2
BRDA:149,16,0,2
BRDA:155,17,0,72
BRDA:157,18,0,0
BRDA:163,19,0,0
BRDA:167,20,0,0
BRDA:163,21,0,63
BRDA:163,22,0,0
BRDA:167,23,0,75
BRDA:167,24,0,0
BRDA:179,25,0,52
BRDA:197,26,0,4
BRDA:203,27,0,0
BRDA:212,28,0,3
BRDA:223,29,0,0
BRDA:239,30,0,1
BRDA:248,31,0,2
BRDA:266,32,0,0
BRDA:266,33,0,0
BRDA:283,34,0,0
BRDA:285,35,0,0
BRDA:309,36,0,2
BRDA:314,37,0,2
BRDA:319,38,0,4
BRDA:321,39,0,46
BRDA:322,40,0,30
BRDA:322,41,0,16
BRDA:323,42,0,0
BRDA:323,43,0,16
BRDA:325,44,0,2
BRDA:325,45,0,14
BRDA:328,46,0,28
BRDA:328,47,0,14
BRDA:325,48,0,14
BRDA:379,49,0,2
BRDA:381,50,0,46
BRDA:393,51,0,2
BRDA:395,52,0,1
BRF:53
BRH:38
end_of_record
TN:
SF:src/load-builtin-nodes.ts
FN:36,createNodeTypeDescription
FN:340,loadBuiltinNodes
FNF:2
FNH:2
FNDA:259,createNodeTypeDescription
FNDA:18,loadBuiltinNodes
DA:1,1
DA:10,1
DA:11,1
DA:12,1
DA:13,1
DA:14,1
DA:15,1
DA:16,1
DA:17,1
DA:18,1
DA:19,1
DA:20,1
DA:21,1
DA:22,1
DA:23,1
DA:24,1
DA:25,1
DA:26,1
DA:27,1
DA:28,1
DA:29,1
DA:30,1
DA:31,1
DA:32,1
DA:33,1
DA:34,1
DA:36,1
DA:37,259
DA:38,259
DA:39,259
DA:40,259
DA:41,259
DA:42,259
DA:43,259
DA:44,259
DA:45,259
DA:46,259
DA:47,259
DA:48,259
DA:50,259
DA:51,259
DA:52,13
DA:53,13
DA:54,13
DA:55,13
DA:56,13
DA:57,13
DA:58,13
DA:59,13
DA:60,13
DA:61,13
DA:62,13
DA:63,13
DA:64,13
DA:65,13
DA:66,13
DA:67,13
DA:68,13
DA:69,13
DA:70,13
DA:71,13
DA:72,13
DA:73,13
DA:74,13
DA:75,13
DA:76,13
DA:77,13
DA:78,13
DA:79,13
DA:80,13
DA:81,13
DA:82,13
DA:83,13
DA:84,13
DA:85,13
DA:86,13
DA:87,13
DA:88,13
DA:89,13
DA:90,13
DA:91,13
DA:92,13
DA:93,13
DA:94,13
DA:95,13
DA:96,13
DA:97,13
DA:98,13
DA:99,13
DA:100,13
DA:101,13
DA:102,13
DA:103,13
DA:104,13
DA:105,13
DA:106,13
DA:107,13
DA:108,13
DA:109,13
DA:110,13
DA:111,13
DA:112,13
DA:113,13
DA:114,13
DA:115,13
DA:116,13
DA:117,13
DA:118,13
DA:119,13
DA:120,13
DA:121,13
DA:122,13
DA:123,13
DA:124,13
DA:125,13
DA:126,13
DA:127,13
DA:128,13
DA:129,13
DA:130,13
DA:131,13
DA:132,13
DA:133,13
DA:134,13
DA:135,13
DA:136,13
DA:137,13
DA:138,13
DA:139,13
DA:140,13
DA:141,13
DA:142,13
DA:143,13
DA:144,13
DA:145,13
DA:146,13
DA:147,13
DA:148,13
DA:149,13
DA:150,13
DA:152,259
DA:153,13
DA:154,13
DA:155,13
DA:156,13
DA:157,13
DA:158,13
DA:159,13
DA:160,13
DA:161,13
DA:162,13
DA:163,13
DA:164,13
DA:165,13
DA:166,13
DA:167,13
DA:168,13
DA:169,13
DA:170,13
DA:171,13
DA:172,13
DA:173,13
DA:174,13
DA:175,13
DA:176,13
DA:177,13
DA:178,13
DA:179,13
DA:180,13
DA:181,13
DA:182,13
DA:183,13
DA:184,13
DA:185,13
DA:186,13
DA:187,13
DA:188,13
DA:189,13
DA:190,13
DA:191,13
DA:193,259
DA:194,11
DA:195,11
DA:196,11
DA:197,11
DA:198,11
DA:199,11
DA:200,11
DA:201,11
DA:202,11
DA:203,11
DA:204,11
DA:205,11
DA:206,11
DA:207,11
DA:208,11
DA:209,11
DA:210,11
DA:211,11
DA:212,11
DA:213,11
DA:214,11
DA:215,11
DA:216,11
DA:217,11
DA:218,11
DA:219,11
DA:220,11
DA:221,11
DA:222,11
DA:223,11
DA:225,259
DA:226,11
DA:227,11
DA:228,11
DA:229,11
DA:230,11
DA:231,11
DA:232,11
DA:234,259
DA:235,11
DA:236,11
DA:237,11
DA:238,11
DA:239,11
DA:240,11
DA:241,11
DA:242,11
DA:243,11
DA:244,11
DA:245,11
DA:246,11
DA:247,11
DA:248,11
DA:249,11
DA:250,11
DA:251,11
DA:252,11
DA:253,11
DA:254,11
DA:255,11
DA:256,11
DA:257,11
DA:258,11
DA:259,11
DA:260,11
DA:261,11
DA:262,11
DA:263,11
DA:264,11
DA:265,11
DA:266,11
DA:267,11
DA:268,11
DA:269,11
DA:270,11
DA:271,11
DA:272,11
DA:273,11
DA:274,11
DA:275,11
DA:276,11
DA:278,259
DA:279,11
DA:280,11
DA:281,11
DA:282,11
DA:283,11
DA:284,11
DA:285,11
DA:286,11
DA:287,11
DA:288,11
DA:289,11
DA:290,11
DA:291,11
DA:292,11
DA:293,11
DA:294,11
DA:295,11
DA:296,11
DA:297,11
DA:298,11
DA:299,11
DA:300,11
DA:301,11
DA:302,11
DA:303,11
DA:304,11
DA:305,11
DA:306,11
DA:307,11
DA:308,11
DA:309,11
DA:310,11
DA:311,11
DA:312,11
DA:313,11
DA:314,11
DA:315,11
DA:316,11
DA:317,11
DA:318,11
DA:319,11
DA:320,11
DA:321,11
DA:322,11
DA:323,11
DA:324,11
DA:325,11
DA:326,11
DA:327,11
DA:328,11
DA:330,259
DA:331,189
DA:332,259
DA:333,259
DA:337,1
DA:338,1
DA:340,1
DA:341,18
DA:343,18
DA:344,18
DA:345,18
DA:347,18
DA:348,18
DA:351,18
DA:352,1
DA:353,1
DA:354,1
DA:355,1
DA:356,0
DA:357,0
DA:358,18
DA:361,18
DA:363,18
DA:364,18
DA:365,2
DA:367,18
DA:368,18
DA:369,15
DA:370,4
DA:371,4
DA:372,4
DA:373,11
DA:374,11
DA:375,18
LF:347
LH:345
BRDA:36,0,0,259
BRDA:51,1,0,13
BRDA:152,2,0,13
BRDA:193,3,0,11
BRDA:225,4,0,11
BRDA:234,5,0,11
BRDA:278,6,0,11
BRDA:330,7,0,189
BRDA:340,8,0,18
BRDA:351,9,0,5
BRDA:351,10,0,1
BRDA:355,11,0,0
BRDA:357,12,0,2
BRDA:358,13,0,0
BRDA:364,14,0,5
BRDA:364,15,0,6
BRDA:364,16,0,2
BRDA:367,17,0,0
BRDA:368,18,0,15
BRDA:369,19,0,13
BRDA:369,20,0,4
BRDA:372,21,0,11
BRDA:361,22,0,46
BRDA:365,23,0,6
BRDA:365,24,0,0
BRDA:373,25,0,253
BRF:26
BRH:22
end_of_record
TN:
SF:src/metrics.ts
FN:3,<instance_members_initializer>
FN:7,increment
FN:12,recordDuration
FN:19,getJSON
FN:28,idx
FN:41,getPrometheus
FN:51,idx
FN:66,key
FN:75,parseKey
FN:89,labelsToString
FNF:10
FNH:10
FNDA:3,<instance_members_initializer>
FNDA:2,increment
FNDA:3,recordDuration
FNDA:1,getJSON
FNDA:3,idx
FNDA:1,getPrometheus
FNDA:3,idx
FNDA:5,key
FNDA:2,parseKey
FNDA:5,labelsToString
DA:3,1
DA:4,3
DA:5,3
DA:7,3
DA:8,2
DA:9,2
DA:10,2
DA:12,3
DA:13,3
DA:14,3
DA:15,3
DA:16,3
DA:17,3
DA:19,3
DA:20,1
DA:21,1
DA:22,1
DA:23,1
DA:24,1
DA:25,1
DA:26,1
DA:27,1
DA:28,1
DA:29,1
DA:30,1
DA:31,1
DA:32,1
DA:33,1
DA:34,1
DA:35,1
DA:36,1
DA:37,1
DA:38,1
DA:39,1
DA:41,3
DA:42,1
DA:43,1
DA:44,1
DA:45,1
DA:46,1
DA:47,1
DA:48,1
DA:49,1
DA:50,1
DA:51,1
DA:52,1
DA:53,1
DA:54,1
DA:55,1
DA:56,1
DA:57,1
DA:58,1
DA:59,1
DA:60,1
DA:61,1
DA:62,1
DA:63,1
DA:64,1
DA:66,3
DA:67,5
DA:68,5
DA:69,5
DA:70,5
DA:71,5
DA:72,5
DA:73,5
DA:75,3
DA:76,2
DA:77,2
DA:78,2
DA:79,2
DA:80,2
DA:81,2
DA:82,3
DA:83,3
DA:84,3
DA:85,2
DA:86,2
DA:87,2
DA:89,3
DA:90,5
DA:91,5
DA:92,5
DA:93,5
DA:94,5
DA:95,3
DA:97,1
DA:98,1
DA:99,1
DA:100,1
DA:101,1
LF:91
LH:91
BRDA:3,0,0,3
BRDA:7,1,0,2
BRDA:12,2,0,3
BRDA:14,3,0,2
BRDA:19,4,0,1
BRDA:26,5,0,0
BRDA:27,6,0,1
BRDA:28,7,0,3
BRDA:28,8,0,0
BRDA:41,9,0,1
BRDA:49,10,0,0
BRDA:50,11,0,1
BRDA:51,12,0,3
BRDA:51,13,0,0
BRDA:66,14,0,5
BRDA:67,15,0,0
BRDA:69,16,0,7
BRDA:70,17,0,10
BRDA:75,18,0,2
BRDA:77,19,0,0
BRDA:81,20,0,3
BRDA:89,21,0,5
BRDA:91,22,0,0
BRDA:92,23,0,6
BRF:24
BRH:17
end_of_record
